This file contains any messages produced by compilers while
running configure, to aid debugging if configure makes a mistake.

It was created by xgraph configure 12.1, which was
generated by GNU Autoconf 2.69.  Invocation command line was

  $ ./configure --prefix=/home/agsargsyan/compile/ns-allinone-2.35

## --------- ##
## Platform. ##
## --------- ##

hostname = agsargsyan-VirtualBox
uname -m = x86_64
uname -r = 5.19.0-50-generic
uname -s = Linux
uname -v = #50-Ubuntu SMP PREEMPT_DYNAMIC Mon Jul 10 18:24:29 UTC 2023

/usr/bin/uname -p = x86_64
/bin/uname -X     = unknown

/bin/arch              = x86_64
/usr/bin/arch -k       = unknown
/usr/convex/getsysinfo = unknown
/usr/bin/hostinfo      = unknown
/bin/machine           = unknown
/usr/bin/oslevel       = unknown
/bin/universe          = unknown

PATH: /usr/local/sbin
PATH: /usr/local/bin
PATH: /usr/sbin
PATH: /usr/bin
PATH: /sbin
PATH: /bin
PATH: /usr/games
PATH: /usr/local/games
PATH: /snap/bin
PATH: /snap/bin
PATH: /home/agsargsyan/compile/ns-allinone-2.35/bin
PATH: /home/agsargsyan/compile/ns-allinone-2.35/bin


## ----------- ##
## Core tests. ##
## ----------- ##

configure:2201: checking for a BSD-compatible install
configure:2269: result: /usr/bin/install -c
configure:2280: checking whether build environment is sane
configure:2335: result: yes
configure:2486: checking for a thread-safe mkdir -p
configure:2525: result: /usr/bin/mkdir -p
configure:2532: checking for gawk
configure:2562: result: no
configure:2532: checking for mawk
configure:2548: found /usr/bin/mawk
configure:2559: result: mawk
configure:2570: checking whether make sets $(MAKE)
configure:2592: result: yes
configure:2621: checking whether make supports nested variables
configure:2638: result: yes
configure:2813: checking for gcc
configure:2829: found /usr/bin/gcc
configure:2840: result: gcc
configure:3069: checking for C compiler version
configure:3078: gcc --version >&5
gcc (Ubuntu 11.4.0-1ubuntu1~22.04) 11.4.0
Copyright (C) 2021 Free Software Foundation, Inc.
This is free software; see the source for copying conditions.  There is NO
warranty; not even for MERCHANTABILITY or FITNESS FOR A PARTICULAR PURPOSE.

configure:3089: $? = 0
configure:3078: gcc -v >&5
Using built-in specs.
COLLECT_GCC=gcc
COLLECT_LTO_WRAPPER=/usr/lib/gcc/x86_64-linux-gnu/11/lto-wrapper
OFFLOAD_TARGET_NAMES=nvptx-none:amdgcn-amdhsa
OFFLOAD_TARGET_DEFAULT=1
Target: x86_64-linux-gnu
Configured with: ../src/configure -v --with-pkgversion='Ubuntu 11.4.0-1ubuntu1~22.04' --with-bugurl=file:///usr/share/doc/gcc-11/README.Bugs --enable-languages=c,ada,c++,go,brig,d,fortran,objc,obj-c++,m2 --prefix=/usr --with-gcc-major-version-only --program-suffix=-11 --program-prefix=x86_64-linux-gnu- --enable-shared --enable-linker-build-id --libexecdir=/usr/lib --without-included-gettext --enable-threads=posix --libdir=/usr/lib --enable-nls --enable-bootstrap --enable-clocale=gnu --enable-libstdcxx-debug --enable-libstdcxx-time=yes --with-default-libstdcxx-abi=new --enable-gnu-unique-object --disable-vtable-verify --enable-plugin --enable-default-pie --with-system-zlib --enable-libphobos-checking=release --with-target-system-zlib=auto --enable-objc-gc=auto --enable-multiarch --disable-werror --enable-cet --with-arch-32=i686 --with-abi=m64 --with-multilib-list=m32,m64,mx32 --enable-multilib --with-tune=generic --enable-offload-targets=nvptx-none=/build/gcc-11-XeT9lY/gcc-11-11.4.0/debian/tmp-nvptx/usr,amdgcn-amdhsa=/build/gcc-11-XeT9lY/gcc-11-11.4.0/debian/tmp-gcn/usr --without-cuda-driver --enable-checking=release --build=x86_64-linux-gnu --host=x86_64-linux-gnu --target=x86_64-linux-gnu --with-build-config=bootstrap-lto-lean --enable-link-serialization=2
Thread model: posix
Supported LTO compression algorithms: zlib zstd
gcc version 11.4.0 (Ubuntu 11.4.0-1ubuntu1~22.04) 
... rest of stderr output deleted ...
configure:3089: $? = 0
configure:3078: gcc -V >&5
gcc: error: unrecognized command-line option '-V'
gcc: fatal error: no input files
compilation terminated.
configure:3089: $? = 1
configure:3078: gcc -qversion >&5
gcc: error: unrecognized command-line option '-qversion'; did you mean '--version'?
gcc: fatal error: no input files
compilation terminated.
configure:3089: $? = 1
configure:3109: checking whether the C compiler works
configure:3131: gcc    conftest.c  >&5
configure:3135: $? = 0
configure:3183: result: yes
configure:3186: checking for C compiler default output file name
configure:3188: result: a.out
configure:3194: checking for suffix of executables
configure:3201: gcc -o conftest    conftest.c  >&5
configure:3205: $? = 0
configure:3227: result: 
configure:3249: checking whether we are cross compiling
configure:3257: gcc -o conftest    conftest.c  >&5
configure:3261: $? = 0
configure:3268: ./conftest
configure:3272: $? = 0
configure:3287: result: no
configure:3292: checking for suffix of object files
configure:3314: gcc -c   conftest.c >&5
configure:3318: $? = 0
configure:3339: result: o
configure:3343: checking whether we are using the GNU C compiler
configure:3362: gcc -c   conftest.c >&5
configure:3362: $? = 0
configure:3371: result: yes
configure:3380: checking whether gcc accepts -g
configure:3400: gcc -c -g  conftest.c >&5
configure:3400: $? = 0
configure:3441: result: yes
configure:3458: checking for gcc option to accept ISO C89
configure:3521: gcc  -c -g -O2  conftest.c >&5
configure:3521: $? = 0
configure:3534: result: none needed
configure:3559: checking whether gcc understands -c and -o together
configure:3581: gcc -c conftest.c -o conftest2.o
configure:3584: $? = 0
configure:3581: gcc -c conftest.c -o conftest2.o
configure:3584: $? = 0
configure:3596: result: yes
configure:3616: checking whether make supports the include directive
configure:3631: make -f confmf.GNU && cat confinc.out
this is the am__doit target
configure:3634: $? = 0
configure:3653: result: yes (GNU style)
configure:3678: checking dependency style of gcc
configure:3789: result: gcc3
configure:3806: checking for pow in -lm
configure:3831: gcc -o conftest -g -O2   conftest.c -lm   >&5
conftest.c:18:6: warning: conflicting types for built-in function 'pow'; expected 'double(double,  double)' [-Wbuiltin-declaration-mismatch]
   18 | char pow ();
      |      ^~~
conftest.c:1:1: note: 'pow' is declared in header '<math.h>'
    1 | /* confdefs.h */
configure:3831: $? = 0
configure:3840: result: yes
configure:3851: checking for XOpenDisplay in -lX11
configure:3876: gcc -o conftest -g -O2   conftest.c -lX11  -lm  >&5
configure:3876: $? = 0
configure:3885: result: yes
configure:3902: checking how to run the C preprocessor
configure:3933: gcc -E  conftest.c
configure:3933: $? = 0
configure:3947: gcc -E  conftest.c
conftest.c:13:10: fatal error: ac_nonexistent.h: No such file or directory
   13 | #include <ac_nonexistent.h>
      |          ^~~~~~~~~~~~~~~~~~
compilation terminated.
configure:3947: $? = 1
configure: failed program was:
| /* confdefs.h */
| #define PACKAGE_NAME "xgraph"
| #define PACKAGE_TARNAME "xgraph"
| #define PACKAGE_VERSION "12.1"
| #define PACKAGE_STRING "xgraph 12.1"
| #define PACKAGE_BUGREPORT ""
| #define PACKAGE_URL ""
| #define PACKAGE "xgraph"
| #define VERSION "12.1"
| #define HAVE_LIBM 1
| #define HAVE_LIBX11 1
| /* end confdefs.h.  */
| #include <ac_nonexistent.h>
configure:3972: result: gcc -E
configure:3992: gcc -E  conftest.c
configure:3992: $? = 0
configure:4006: gcc -E  conftest.c
conftest.c:13:10: fatal error: ac_nonexistent.h: No such file or directory
   13 | #include <ac_nonexistent.h>
      |          ^~~~~~~~~~~~~~~~~~
compilation terminated.
configure:4006: $? = 1
configure: failed program was:
| /* confdefs.h */
| #define PACKAGE_NAME "xgraph"
| #define PACKAGE_TARNAME "xgraph"
| #define PACKAGE_VERSION "12.1"
| #define PACKAGE_STRING "xgraph 12.1"
| #define PACKAGE_BUGREPORT ""
| #define PACKAGE_URL ""
| #define PACKAGE "xgraph"
| #define VERSION "12.1"
| #define HAVE_LIBM 1
| #define HAVE_LIBX11 1
| /* end confdefs.h.  */
| #include <ac_nonexistent.h>
configure:4035: checking for X
configure:4143: gcc -E  conftest.c
configure:4143: $? = 0
configure:4174: gcc -o conftest -g -O2   conftest.c -lX11 -lX11 -lm  >&5
configure:4174: $? = 0
configure:4224: result: libraries , headers 
configure:4323: gcc -o conftest -g -O2   conftest.c -lX11 -lm   -lX11 >&5
configure:4323: $? = 0
configure:4421: checking for gethostbyname
configure:4421: gcc -o conftest -g -O2   conftest.c -lX11 -lm  >&5
configure:4421: $? = 0
configure:4421: result: yes
configure:4518: checking for connect
configure:4518: gcc -o conftest -g -O2   conftest.c -lX11 -lm  >&5
configure:4518: $? = 0
configure:4518: result: yes
configure:4567: checking for remove
configure:4567: gcc -o conftest -g -O2   conftest.c -lX11 -lm  >&5
configure:4567: $? = 0
configure:4567: result: yes
configure:4616: checking for shmat
configure:4616: gcc -o conftest -g -O2   conftest.c -lX11 -lm  >&5
configure:4616: $? = 0
configure:4616: result: yes
configure:4674: checking for IceConnectionNumber in -lICE
configure:4699: gcc -o conftest -g -O2   conftest.c -lICE  -lX11 -lm  >&5
configure:4699: $? = 0
configure:4708: result: yes
configure:4719: checking for grep that handles long lines and -e
configure:4777: result: /usr/bin/grep
configure:4782: checking for egrep
configure:4844: result: /usr/bin/grep -E
configure:4849: checking for ANSI C header files
configure:4869: gcc -c -g -O2  conftest.c >&5
configure:4869: $? = 0
configure:4942: gcc -o conftest -g -O2   conftest.c -lX11 -lm  >&5
configure:4942: $? = 0
configure:4942: ./conftest
configure:4942: $? = 0
configure:4953: result: yes
configure:4966: checking for sys/types.h
configure:4966: gcc -c -g -O2  conftest.c >&5
configure:4966: $? = 0
configure:4966: result: yes
configure:4966: checking for sys/stat.h
configure:4966: gcc -c -g -O2  conftest.c >&5
configure:4966: $? = 0
configure:4966: result: yes
configure:4966: checking for stdlib.h
configure:4966: gcc -c -g -O2  conftest.c >&5
configure:4966: $? = 0
configure:4966: result: yes
configure:4966: checking for string.h
configure:4966: gcc -c -g -O2  conftest.c >&5
configure:4966: $? = 0
configure:4966: result: yes
configure:4966: checking for memory.h
configure:4966: gcc -c -g -O2  conftest.c >&5
configure:4966: $? = 0
configure:4966: result: yes
configure:4966: checking for strings.h
configure:4966: gcc -c -g -O2  conftest.c >&5
configure:4966: $? = 0
configure:4966: result: yes
configure:4966: checking for inttypes.h
configure:4966: gcc -c -g -O2  conftest.c >&5
configure:4966: $? = 0
configure:4966: result: yes
configure:4966: checking for stdint.h
configure:4966: gcc -c -g -O2  conftest.c >&5
configure:4966: $? = 0
configure:4966: result: yes
configure:4966: checking for unistd.h
configure:4966: gcc -c -g -O2  conftest.c >&5
configure:4966: $? = 0
configure:4966: result: yes
configure:4981: checking float.h usability
configure:4981: gcc -c -g -O2  conftest.c >&5
configure:4981: $? = 0
configure:4981: result: yes
configure:4981: checking float.h presence
configure:4981: gcc -E  conftest.c
configure:4981: $? = 0
configure:4981: result: yes
configure:4981: checking for float.h
configure:4981: result: yes
configure:4981: checking limits.h usability
configure:4981: gcc -c -g -O2  conftest.c >&5
configure:4981: $? = 0
configure:4981: result: yes
configure:4981: checking limits.h presence
configure:4981: gcc -E  conftest.c
configure:4981: $? = 0
configure:4981: result: yes
configure:4981: checking for limits.h
configure:4981: result: yes
configure:4981: checking for stdlib.h
configure:4981: result: yes
configure:4981: checking for string.h
configure:4981: result: yes
configure:4981: checking for strings.h
configure:4981: result: yes
configure:4981: checking for unistd.h
configure:4981: result: yes
configure:4995: checking for strcasecmp
configure:4995: gcc -o conftest -g -O2   conftest.c -lX11 -lm  >&5
conftest.c:52:6: warning: conflicting types for built-in function 'strcasecmp'; expected 'int(const char *, const char *)' [-Wbuiltin-declaration-mismatch]
   52 | char strcasecmp ();
      |      ^~~~~~~~~~
configure:4995: $? = 0
configure:4995: result: yes
configure:5108: checking that generated files are newer than configure
configure:5114: result: done
configure:5137: creating ./config.status

## ---------------------- ##
## Running config.status. ##
## ---------------------- ##

This file was extended by xgraph config.status 12.1, which was
generated by GNU Autoconf 2.69.  Invocation command line was

  CONFIG_FILES    = 
  CONFIG_HEADERS  = 
  CONFIG_LINKS    = 
  CONFIG_COMMANDS = 
  $ ./config.status 

on agsargsyan-VirtualBox

config.status:866: creating Makefile
config.status:866: creating autoconf.h
config.status:1047: autoconf.h is unchanged
config.status:1095: executing depfiles commands
config.status:1172: cd .       && sed -e '/# am--include-marker/d' Makefile         | make -f - am--depfiles
make: Nothing to be done for 'am--depfiles'.
config.status:1177: $? = 0

## ---------------- ##
## Cache variables. ##
## ---------------- ##

ac_cv_c_compiler_gnu=yes
ac_cv_env_CC_set=
ac_cv_env_CC_value=
ac_cv_env_CFLAGS_set=
ac_cv_env_CFLAGS_value=
ac_cv_env_CPPFLAGS_set=
ac_cv_env_CPPFLAGS_value=
ac_cv_env_CPP_set=
ac_cv_env_CPP_value=
ac_cv_env_LDFLAGS_set=
ac_cv_env_LDFLAGS_value=
ac_cv_env_LIBS_set=
ac_cv_env_LIBS_value=
ac_cv_env_XMKMF_set=
ac_cv_env_XMKMF_value=
ac_cv_env_build_alias_set=
ac_cv_env_build_alias_value=
ac_cv_env_host_alias_set=
ac_cv_env_host_alias_value=
ac_cv_env_target_alias_set=
ac_cv_env_target_alias_value=
ac_cv_func_connect=yes
ac_cv_func_gethostbyname=yes
ac_cv_func_remove=yes
ac_cv_func_shmat=yes
ac_cv_func_strcasecmp=yes
ac_cv_have_x='have_x=yes	ac_x_includes='\'''\''	ac_x_libraries='\'''\'''
ac_cv_header_float_h=yes
ac_cv_header_inttypes_h=yes
ac_cv_header_limits_h=yes
ac_cv_header_memory_h=yes
ac_cv_header_stdc=yes
ac_cv_header_stdint_h=yes
ac_cv_header_stdlib_h=yes
ac_cv_header_string_h=yes
ac_cv_header_strings_h=yes
ac_cv_header_sys_stat_h=yes
ac_cv_header_sys_types_h=yes
ac_cv_header_unistd_h=yes
ac_cv_lib_ICE_IceConnectionNumber=yes
ac_cv_lib_X11_XOpenDisplay=yes
ac_cv_lib_m_pow=yes
ac_cv_objext=o
ac_cv_path_EGREP='/usr/bin/grep -E'
ac_cv_path_GREP=/usr/bin/grep
ac_cv_path_install='/usr/bin/install -c'
ac_cv_path_mkdir=/usr/bin/mkdir
ac_cv_prog_AWK=mawk
ac_cv_prog_CPP='gcc -E'
ac_cv_prog_ac_ct_CC=gcc
ac_cv_prog_cc_c89=
ac_cv_prog_cc_g=yes
ac_cv_prog_make_make_set=yes
am_cv_CC_dependencies_compiler_type=gcc3
am_cv_make_support_nested_variables=yes
am_cv_prog_cc_c_o=yes

## ----------------- ##
## Output variables. ##
## ----------------- ##

ACLOCAL='${SHELL} /home/agsargsyan/compile/ns-allinone-2.35/xgraph-12.1/missing aclocal-1.16'
AMDEPBACKSLASH='\'
AMDEP_FALSE='#'
AMDEP_TRUE=''
AMTAR='$${TAR-tar}'
AM_BACKSLASH='\'
AM_DEFAULT_V='$(AM_DEFAULT_VERBOSITY)'
AM_DEFAULT_VERBOSITY='1'
AM_V='$(V)'
AUTOCONF='${SHELL} /home/agsargsyan/compile/ns-allinone-2.35/xgraph-12.1/missing autoconf'
AUTOHEADER='${SHELL} /home/agsargsyan/compile/ns-allinone-2.35/xgraph-12.1/missing autoheader'
AUTOMAKE='${SHELL} /home/agsargsyan/compile/ns-allinone-2.35/xgraph-12.1/missing automake-1.16'
AWK='mawk'
CC='gcc'
CCDEPMODE='depmode=gcc3'
CFLAGS='-g -O2'
CPP='gcc -E'
CPPFLAGS=''
CYGPATH_W='echo'
DEFS='-DHAVE_CONFIG_H'
DEPDIR='.deps'
ECHO_C=''
ECHO_N='-n'
ECHO_T=''
EGREP='/usr/bin/grep -E'
EXEEXT=''
GREP='/usr/bin/grep'
INSTALL_DATA='${INSTALL} -m 644'
INSTALL_PROGRAM='${INSTALL}'
INSTALL_SCRIPT='${INSTALL}'
INSTALL_STRIP_PROGRAM='$(install_sh) -c -s'
LDFLAGS=''
LIBOBJS=''
LIBS='-lX11 -lm '
LTLIBOBJS=''
MAKEINFO='${SHELL} /home/agsargsyan/compile/ns-allinone-2.35/xgraph-12.1/missing makeinfo'
MKDIR_P='/usr/bin/mkdir -p'
OBJEXT='o'
PACKAGE='xgraph'
PACKAGE_BUGREPORT=''
PACKAGE_NAME='xgraph'
PACKAGE_STRING='xgraph 12.1'
PACKAGE_TARNAME='xgraph'
PACKAGE_URL=''
PACKAGE_VERSION='12.1'
PATH_SEPARATOR=':'
SET_MAKE=''
SHELL='/bin/bash'
STRIP=''
VERSION='12.1'
XMKMF=''
X_CFLAGS=''
X_EXTRA_LIBS=''
X_LIBS=''
X_PRE_LIBS=' -lSM -lICE'
ac_ct_CC='gcc'
am__EXEEXT_FALSE=''
am__EXEEXT_TRUE='#'
am__fastdepCC_FALSE='#'
am__fastdepCC_TRUE=''
am__include='include'
am__isrc=''
am__leading_dot='.'
am__nodep='_no'
am__quote=''
am__tar='$${TAR-tar} chof - "$$tardir"'
am__untar='$${TAR-tar} xf -'
bindir='${exec_prefix}/bin'
build_alias=''
datadir='${datarootdir}'
datarootdir='${prefix}/share'
docdir='${datarootdir}/doc/${PACKAGE_TARNAME}'
dvidir='${docdir}'
exec_prefix='${prefix}'
host_alias=''
htmldir='${docdir}'
includedir='${prefix}/include'
infodir='${datarootdir}/info'
install_sh='${SHELL} /home/agsargsyan/compile/ns-allinone-2.35/xgraph-12.1/install-sh'
libdir='${exec_prefix}/lib'
libexecdir='${exec_prefix}/libexec'
localedir='${datarootdir}/locale'
localstatedir='${prefix}/var'
mandir='${datarootdir}/man'
mkdir_p='$(MKDIR_P)'
oldincludedir='/usr/include'
pdfdir='${docdir}'
prefix='/home/agsargsyan/compile/ns-allinone-2.35'
program_transform_name='s,x,x,'
psdir='${docdir}'
sbindir='${exec_prefix}/sbin'
sharedstatedir='${prefix}/com'
sysconfdir='${prefix}/etc'
target_alias=''

## ----------- ##
## confdefs.h. ##
## ----------- ##

/* confdefs.h */
#define PACKAGE_NAME "xgraph"
#define PACKAGE_TARNAME "xgraph"
#define PACKAGE_VERSION "12.1"
#define PACKAGE_STRING "xgraph 12.1"
#define PACKAGE_BUGREPORT ""
#define PACKAGE_URL ""
#define PACKAGE "xgraph"
#define VERSION "12.1"
#define HAVE_LIBM 1
#define HAVE_LIBX11 1
#define STDC_HEADERS 1
#define HAVE_SYS_TYPES_H 1
#define HAVE_SYS_STAT_H 1
#define HAVE_STDLIB_H 1
#define HAVE_STRING_H 1
#define HAVE_MEMORY_H 1
#define HAVE_STRINGS_H 1
#define HAVE_INTTYPES_H 1
#define HAVE_STDINT_H 1
#define HAVE_UNISTD_H 1
#define HAVE_FLOAT_H 1
#define HAVE_LIMITS_H 1
#define HAVE_STDLIB_H 1
#define HAVE_STRING_H 1
#define HAVE_STRINGS_H 1
#define HAVE_UNISTD_H 1
#define HAVE_STRCASECMP 1

configure: exit 0
