This file contains any messages produced by compilers while
running configure, to aid debugging if configure makes a mistake.

It was created by configure, which was
generated by GNU Autoconf 2.69.  Invocation command line was

  $ ./configure --with-otcl=../otcl-1.14 --with-tclcl=../tclcl-1.20 --with-tcl-ver=8.5.10 --with-tk-ver=8.5.10

## --------- ##
## Platform. ##
## --------- ##

hostname = agsargsyan-VirtualBox
uname -m = x86_64
uname -r = 5.19.0-50-generic
uname -s = Linux
uname -v = #50-Ubuntu SMP PREEMPT_DYNAMIC Mon Jul 10 18:24:29 UTC 2023

/usr/bin/uname -p = x86_64
/bin/uname -X     = unknown

/bin/arch              = x86_64
/usr/bin/arch -k       = unknown
/usr/convex/getsysinfo = unknown
/usr/bin/hostinfo      = unknown
/bin/machine           = unknown
/usr/bin/oslevel       = unknown
/bin/universe          = unknown

PATH: /home/agsargsyan/compile/ns-allinone-2.35/bin
PATH: /usr/local/sbin
PATH: /usr/local/bin
PATH: /usr/sbin
PATH: /usr/bin
PATH: /sbin
PATH: /bin
PATH: /usr/games
PATH: /usr/local/games
PATH: /snap/bin
PATH: /snap/bin
PATH: /home/agsargsyan/compile/ns-allinone-2.35/bin
PATH: /home/agsargsyan/compile/ns-allinone-2.35/bin


## ----------- ##
## Core tests. ##
## ----------- ##

configure:2521: checking for gcc
configure:2537: found /usr/bin/gcc
configure:2548: result: gcc
configure:2777: checking for C compiler version
configure:2786: gcc --version >&5
gcc (Ubuntu 11.4.0-1ubuntu1~22.04) 11.4.0
Copyright (C) 2021 Free Software Foundation, Inc.
This is free software; see the source for copying conditions.  There is NO
warranty; not even for MERCHANTABILITY or FITNESS FOR A PARTICULAR PURPOSE.

configure:2797: $? = 0
configure:2786: gcc -v >&5
Using built-in specs.
COLLECT_GCC=gcc
COLLECT_LTO_WRAPPER=/usr/lib/gcc/x86_64-linux-gnu/11/lto-wrapper
OFFLOAD_TARGET_NAMES=nvptx-none:amdgcn-amdhsa
OFFLOAD_TARGET_DEFAULT=1
Target: x86_64-linux-gnu
Configured with: ../src/configure -v --with-pkgversion='Ubuntu 11.4.0-1ubuntu1~22.04' --with-bugurl=file:///usr/share/doc/gcc-11/README.Bugs --enable-languages=c,ada,c++,go,brig,d,fortran,objc,obj-c++,m2 --prefix=/usr --with-gcc-major-version-only --program-suffix=-11 --program-prefix=x86_64-linux-gnu- --enable-shared --enable-linker-build-id --libexecdir=/usr/lib --without-included-gettext --enable-threads=posix --libdir=/usr/lib --enable-nls --enable-bootstrap --enable-clocale=gnu --enable-libstdcxx-debug --enable-libstdcxx-time=yes --with-default-libstdcxx-abi=new --enable-gnu-unique-object --disable-vtable-verify --enable-plugin --enable-default-pie --with-system-zlib --enable-libphobos-checking=release --with-target-system-zlib=auto --enable-objc-gc=auto --enable-multiarch --disable-werror --enable-cet --with-arch-32=i686 --with-abi=m64 --with-multilib-list=m32,m64,mx32 --enable-multilib --with-tune=generic --enable-offload-targets=nvptx-none=/build/gcc-11-XeT9lY/gcc-11-11.4.0/debian/tmp-nvptx/usr,amdgcn-amdhsa=/build/gcc-11-XeT9lY/gcc-11-11.4.0/debian/tmp-gcn/usr --without-cuda-driver --enable-checking=release --build=x86_64-linux-gnu --host=x86_64-linux-gnu --target=x86_64-linux-gnu --with-build-config=bootstrap-lto-lean --enable-link-serialization=2
Thread model: posix
Supported LTO compression algorithms: zlib zstd
gcc version 11.4.0 (Ubuntu 11.4.0-1ubuntu1~22.04) 
... rest of stderr output deleted ...
configure:2797: $? = 0
configure:2786: gcc -V >&5
gcc: error: unrecognized command-line option '-V'
gcc: fatal error: no input files
compilation terminated.
configure:2797: $? = 1
configure:2786: gcc -qversion >&5
gcc: error: unrecognized command-line option '-qversion'; did you mean '--version'?
gcc: fatal error: no input files
compilation terminated.
configure:2797: $? = 1
configure:2817: checking whether the C compiler works
configure:2839: gcc    conftest.c  >&5
configure:2843: $? = 0
configure:2891: result: yes
configure:2894: checking for C compiler default output file name
configure:2896: result: a.out
configure:2902: checking for suffix of executables
configure:2909: gcc -o conftest    conftest.c  >&5
configure:2913: $? = 0
configure:2935: result: 
configure:2957: checking whether we are cross compiling
configure:2965: gcc -o conftest    conftest.c  >&5
configure:2969: $? = 0
configure:2976: ./conftest
configure:2980: $? = 0
configure:2995: result: no
configure:3000: checking for suffix of object files
configure:3022: gcc -c   conftest.c >&5
configure:3026: $? = 0
configure:3047: result: o
configure:3051: checking whether we are using the GNU C compiler
configure:3070: gcc -c   conftest.c >&5
configure:3070: $? = 0
configure:3079: result: yes
configure:3088: checking whether gcc accepts -g
configure:3108: gcc -c -g  conftest.c >&5
configure:3108: $? = 0
configure:3149: result: yes
configure:3166: checking for gcc option to accept ISO C89
configure:3229: gcc  -c -g -O2  conftest.c >&5
configure:3229: $? = 0
configure:3242: result: none needed
configure:3268: checking how to run the C preprocessor
configure:3299: gcc -E  conftest.c
configure:3299: $? = 0
configure:3313: gcc -E  conftest.c
conftest.c:9:10: fatal error: ac_nonexistent.h: No such file or directory
    9 | #include <ac_nonexistent.h>
      |          ^~~~~~~~~~~~~~~~~~
compilation terminated.
configure:3313: $? = 1
configure: failed program was:
| /* confdefs.h */
| #define PACKAGE_NAME ""
| #define PACKAGE_TARNAME ""
| #define PACKAGE_VERSION ""
| #define PACKAGE_STRING ""
| #define PACKAGE_BUGREPORT ""
| #define PACKAGE_URL ""
| /* end confdefs.h.  */
| #include <ac_nonexistent.h>
configure:3338: result: gcc -E
configure:3358: gcc -E  conftest.c
configure:3358: $? = 0
configure:3372: gcc -E  conftest.c
conftest.c:9:10: fatal error: ac_nonexistent.h: No such file or directory
    9 | #include <ac_nonexistent.h>
      |          ^~~~~~~~~~~~~~~~~~
compilation terminated.
configure:3372: $? = 1
configure: failed program was:
| /* confdefs.h */
| #define PACKAGE_NAME ""
| #define PACKAGE_TARNAME ""
| #define PACKAGE_VERSION ""
| #define PACKAGE_STRING ""
| #define PACKAGE_BUGREPORT ""
| #define PACKAGE_URL ""
| /* end confdefs.h.  */
| #include <ac_nonexistent.h>
configure:3401: checking for grep that handles long lines and -e
configure:3459: result: /usr/bin/grep
configure:3464: checking for egrep
configure:3526: result: /usr/bin/grep -E
configure:3531: checking for ANSI C header files
configure:3551: gcc -c -g -O2  conftest.c >&5
configure:3551: $? = 0
configure:3624: gcc -o conftest -g -O2   conftest.c  >&5
configure:3624: $? = 0
configure:3624: ./conftest
configure:3624: $? = 0
configure:3635: result: yes
configure:3648: checking for sys/types.h
configure:3648: gcc -c -g -O2  conftest.c >&5
configure:3648: $? = 0
configure:3648: result: yes
configure:3648: checking for sys/stat.h
configure:3648: gcc -c -g -O2  conftest.c >&5
configure:3648: $? = 0
configure:3648: result: yes
configure:3648: checking for stdlib.h
configure:3648: gcc -c -g -O2  conftest.c >&5
configure:3648: $? = 0
configure:3648: result: yes
configure:3648: checking for string.h
configure:3648: gcc -c -g -O2  conftest.c >&5
configure:3648: $? = 0
configure:3648: result: yes
configure:3648: checking for memory.h
configure:3648: gcc -c -g -O2  conftest.c >&5
configure:3648: $? = 0
configure:3648: result: yes
configure:3648: checking for strings.h
configure:3648: gcc -c -g -O2  conftest.c >&5
configure:3648: $? = 0
configure:3648: result: yes
configure:3648: checking for inttypes.h
configure:3648: gcc -c -g -O2  conftest.c >&5
configure:3648: $? = 0
configure:3648: result: yes
configure:3648: checking for stdint.h
configure:3648: gcc -c -g -O2  conftest.c >&5
configure:3648: $? = 0
configure:3648: result: yes
configure:3648: checking for unistd.h
configure:3648: gcc -c -g -O2  conftest.c >&5
configure:3648: $? = 0
configure:3648: result: yes
configure:3661: checking minix/config.h usability
configure:3661: gcc -c -g -O2  conftest.c >&5
conftest.c:52:10: fatal error: minix/config.h: No such file or directory
   52 | #include <minix/config.h>
      |          ^~~~~~~~~~~~~~~~
compilation terminated.
configure:3661: $? = 1
configure: failed program was:
| /* confdefs.h */
| #define PACKAGE_NAME ""
| #define PACKAGE_TARNAME ""
| #define PACKAGE_VERSION ""
| #define PACKAGE_STRING ""
| #define PACKAGE_BUGREPORT ""
| #define PACKAGE_URL ""
| #define STDC_HEADERS 1
| #define HAVE_SYS_TYPES_H 1
| #define HAVE_SYS_STAT_H 1
| #define HAVE_STDLIB_H 1
| #define HAVE_STRING_H 1
| #define HAVE_MEMORY_H 1
| #define HAVE_STRINGS_H 1
| #define HAVE_INTTYPES_H 1
| #define HAVE_STDINT_H 1
| #define HAVE_UNISTD_H 1
| /* end confdefs.h.  */
| #include <stdio.h>
| #ifdef HAVE_SYS_TYPES_H
| # include <sys/types.h>
| #endif
| #ifdef HAVE_SYS_STAT_H
| # include <sys/stat.h>
| #endif
| #ifdef STDC_HEADERS
| # include <stdlib.h>
| # include <stddef.h>
| #else
| # ifdef HAVE_STDLIB_H
| #  include <stdlib.h>
| # endif
| #endif
| #ifdef HAVE_STRING_H
| # if !defined STDC_HEADERS && defined HAVE_MEMORY_H
| #  include <memory.h>
| # endif
| # include <string.h>
| #endif
| #ifdef HAVE_STRINGS_H
| # include <strings.h>
| #endif
| #ifdef HAVE_INTTYPES_H
| # include <inttypes.h>
| #endif
| #ifdef HAVE_STDINT_H
| # include <stdint.h>
| #endif
| #ifdef HAVE_UNISTD_H
| # include <unistd.h>
| #endif
| #include <minix/config.h>
configure:3661: result: no
configure:3661: checking minix/config.h presence
configure:3661: gcc -E  conftest.c
conftest.c:19:10: fatal error: minix/config.h: No such file or directory
   19 | #include <minix/config.h>
      |          ^~~~~~~~~~~~~~~~
compilation terminated.
configure:3661: $? = 1
configure: failed program was:
| /* confdefs.h */
| #define PACKAGE_NAME ""
| #define PACKAGE_TARNAME ""
| #define PACKAGE_VERSION ""
| #define PACKAGE_STRING ""
| #define PACKAGE_BUGREPORT ""
| #define PACKAGE_URL ""
| #define STDC_HEADERS 1
| #define HAVE_SYS_TYPES_H 1
| #define HAVE_SYS_STAT_H 1
| #define HAVE_STDLIB_H 1
| #define HAVE_STRING_H 1
| #define HAVE_MEMORY_H 1
| #define HAVE_STRINGS_H 1
| #define HAVE_INTTYPES_H 1
| #define HAVE_STDINT_H 1
| #define HAVE_UNISTD_H 1
| /* end confdefs.h.  */
| #include <minix/config.h>
configure:3661: result: no
configure:3661: checking for minix/config.h
configure:3661: result: no
configure:3682: checking whether it is safe to define __EXTENSIONS__
configure:3700: gcc -c -g -O2  conftest.c >&5
configure:3700: $? = 0
configure:3707: result: yes
configure:3833: checking build system type
configure:3847: result: x86_64-unknown-linux-gnu
configure:3867: checking host system type
configure:3880: result: x86_64-unknown-linux-gnu
configure:3900: checking target system type
configure:3913: result: x86_64-unknown-linux-gnu
configure:3989: checking for gcc
configure:4016: result: gcc
configure:4245: checking for C compiler version
configure:4254: gcc --version >&5
gcc (Ubuntu 11.4.0-1ubuntu1~22.04) 11.4.0
Copyright (C) 2021 Free Software Foundation, Inc.
This is free software; see the source for copying conditions.  There is NO
warranty; not even for MERCHANTABILITY or FITNESS FOR A PARTICULAR PURPOSE.

configure:4265: $? = 0
configure:4254: gcc -v >&5
Using built-in specs.
COLLECT_GCC=gcc
COLLECT_LTO_WRAPPER=/usr/lib/gcc/x86_64-linux-gnu/11/lto-wrapper
OFFLOAD_TARGET_NAMES=nvptx-none:amdgcn-amdhsa
OFFLOAD_TARGET_DEFAULT=1
Target: x86_64-linux-gnu
Configured with: ../src/configure -v --with-pkgversion='Ubuntu 11.4.0-1ubuntu1~22.04' --with-bugurl=file:///usr/share/doc/gcc-11/README.Bugs --enable-languages=c,ada,c++,go,brig,d,fortran,objc,obj-c++,m2 --prefix=/usr --with-gcc-major-version-only --program-suffix=-11 --program-prefix=x86_64-linux-gnu- --enable-shared --enable-linker-build-id --libexecdir=/usr/lib --without-included-gettext --enable-threads=posix --libdir=/usr/lib --enable-nls --enable-bootstrap --enable-clocale=gnu --enable-libstdcxx-debug --enable-libstdcxx-time=yes --with-default-libstdcxx-abi=new --enable-gnu-unique-object --disable-vtable-verify --enable-plugin --enable-default-pie --with-system-zlib --enable-libphobos-checking=release --with-target-system-zlib=auto --enable-objc-gc=auto --enable-multiarch --disable-werror --enable-cet --with-arch-32=i686 --with-abi=m64 --with-multilib-list=m32,m64,mx32 --enable-multilib --with-tune=generic --enable-offload-targets=nvptx-none=/build/gcc-11-XeT9lY/gcc-11-11.4.0/debian/tmp-nvptx/usr,amdgcn-amdhsa=/build/gcc-11-XeT9lY/gcc-11-11.4.0/debian/tmp-gcn/usr --without-cuda-driver --enable-checking=release --build=x86_64-linux-gnu --host=x86_64-linux-gnu --target=x86_64-linux-gnu --with-build-config=bootstrap-lto-lean --enable-link-serialization=2
Thread model: posix
Supported LTO compression algorithms: zlib zstd
gcc version 11.4.0 (Ubuntu 11.4.0-1ubuntu1~22.04) 
... rest of stderr output deleted ...
configure:4265: $? = 0
configure:4254: gcc -V >&5
gcc: error: unrecognized command-line option '-V'
gcc: fatal error: no input files
compilation terminated.
configure:4265: $? = 1
configure:4254: gcc -qversion >&5
gcc: error: unrecognized command-line option '-qversion'; did you mean '--version'?
gcc: fatal error: no input files
compilation terminated.
configure:4265: $? = 1
configure:4269: checking whether we are using the GNU C compiler
configure:4297: result: yes
configure:4306: checking whether gcc accepts -g
configure:4367: result: yes
configure:4384: checking for gcc option to accept ISO C89
configure:4460: result: none needed
configure:4538: checking for g++
configure:4554: found /usr/bin/g++
configure:4565: result: g++
configure:4592: checking for C++ compiler version
configure:4601: g++ --version >&5
g++ (Ubuntu 11.4.0-1ubuntu1~22.04) 11.4.0
Copyright (C) 2021 Free Software Foundation, Inc.
This is free software; see the source for copying conditions.  There is NO
warranty; not even for MERCHANTABILITY or FITNESS FOR A PARTICULAR PURPOSE.

configure:4612: $? = 0
configure:4601: g++ -v >&5
Using built-in specs.
COLLECT_GCC=g++
COLLECT_LTO_WRAPPER=/usr/lib/gcc/x86_64-linux-gnu/11/lto-wrapper
OFFLOAD_TARGET_NAMES=nvptx-none:amdgcn-amdhsa
OFFLOAD_TARGET_DEFAULT=1
Target: x86_64-linux-gnu
Configured with: ../src/configure -v --with-pkgversion='Ubuntu 11.4.0-1ubuntu1~22.04' --with-bugurl=file:///usr/share/doc/gcc-11/README.Bugs --enable-languages=c,ada,c++,go,brig,d,fortran,objc,obj-c++,m2 --prefix=/usr --with-gcc-major-version-only --program-suffix=-11 --program-prefix=x86_64-linux-gnu- --enable-shared --enable-linker-build-id --libexecdir=/usr/lib --without-included-gettext --enable-threads=posix --libdir=/usr/lib --enable-nls --enable-bootstrap --enable-clocale=gnu --enable-libstdcxx-debug --enable-libstdcxx-time=yes --with-default-libstdcxx-abi=new --enable-gnu-unique-object --disable-vtable-verify --enable-plugin --enable-default-pie --with-system-zlib --enable-libphobos-checking=release --with-target-system-zlib=auto --enable-objc-gc=auto --enable-multiarch --disable-werror --enable-cet --with-arch-32=i686 --with-abi=m64 --with-multilib-list=m32,m64,mx32 --enable-multilib --with-tune=generic --enable-offload-targets=nvptx-none=/build/gcc-11-XeT9lY/gcc-11-11.4.0/debian/tmp-nvptx/usr,amdgcn-amdhsa=/build/gcc-11-XeT9lY/gcc-11-11.4.0/debian/tmp-gcn/usr --without-cuda-driver --enable-checking=release --build=x86_64-linux-gnu --host=x86_64-linux-gnu --target=x86_64-linux-gnu --with-build-config=bootstrap-lto-lean --enable-link-serialization=2
Thread model: posix
Supported LTO compression algorithms: zlib zstd
gcc version 11.4.0 (Ubuntu 11.4.0-1ubuntu1~22.04) 
... rest of stderr output deleted ...
configure:4612: $? = 0
configure:4601: g++ -V >&5
g++: error: unrecognized command-line option '-V'
g++: fatal error: no input files
compilation terminated.
configure:4612: $? = 1
configure:4601: g++ -qversion >&5
g++: error: unrecognized command-line option '-qversion'; did you mean '--version'?
g++: fatal error: no input files
compilation terminated.
configure:4612: $? = 1
configure:4616: checking whether we are using the GNU C++ compiler
configure:4635: g++ -c   conftest.cpp >&5
configure:4635: $? = 0
configure:4644: result: yes
configure:4653: checking whether g++ accepts -g
configure:4673: g++ -c -g  conftest.cpp >&5
configure:4673: $? = 0
configure:4714: result: yes
configure:4737: checking for ANSI C header files
configure:4841: result: yes
configure:4851: checking for string.h
configure:4851: result: yes
configure:4871: checking for main in -lXbsd
configure:4890: gcc -o conftest -g -O2   conftest.c -lXbsd   >&5
/usr/bin/ld: cannot find -lXbsd: No such file or directory
collect2: error: ld returned 1 exit status
configure:4890: $? = 1
configure: failed program was:
| /* confdefs.h */
| #define PACKAGE_NAME ""
| #define PACKAGE_TARNAME ""
| #define PACKAGE_VERSION ""
| #define PACKAGE_STRING ""
| #define PACKAGE_BUGREPORT ""
| #define PACKAGE_URL ""
| #define STDC_HEADERS 1
| #define HAVE_SYS_TYPES_H 1
| #define HAVE_SYS_STAT_H 1
| #define HAVE_STDLIB_H 1
| #define HAVE_STRING_H 1
| #define HAVE_MEMORY_H 1
| #define HAVE_STRINGS_H 1
| #define HAVE_INTTYPES_H 1
| #define HAVE_STDINT_H 1
| #define HAVE_UNISTD_H 1
| #define __EXTENSIONS__ 1
| #define _ALL_SOURCE 1
| #define _GNU_SOURCE 1
| #define _POSIX_PTHREAD_SEMANTICS 1
| #define _TANDEM_SOURCE 1
| #define STDC_HEADERS 1
| #define HAVE_STRING_H 1
| /* end confdefs.h.  */
| 
| 
| int
| main ()
| {
| return main ();
|   ;
|   return 0;
| }
configure:4899: result: no
configure:4905: checking for socket in -lsocket
configure:4930: gcc -o conftest -g -O2   conftest.c -lsocket   >&5
/usr/bin/ld: cannot find -lsocket: No such file or directory
collect2: error: ld returned 1 exit status
configure:4930: $? = 1
configure: failed program was:
| /* confdefs.h */
| #define PACKAGE_NAME ""
| #define PACKAGE_TARNAME ""
| #define PACKAGE_VERSION ""
| #define PACKAGE_STRING ""
| #define PACKAGE_BUGREPORT ""
| #define PACKAGE_URL ""
| #define STDC_HEADERS 1
| #define HAVE_SYS_TYPES_H 1
| #define HAVE_SYS_STAT_H 1
| #define HAVE_STDLIB_H 1
| #define HAVE_STRING_H 1
| #define HAVE_MEMORY_H 1
| #define HAVE_STRINGS_H 1
| #define HAVE_INTTYPES_H 1
| #define HAVE_STDINT_H 1
| #define HAVE_UNISTD_H 1
| #define __EXTENSIONS__ 1
| #define _ALL_SOURCE 1
| #define _GNU_SOURCE 1
| #define _POSIX_PTHREAD_SEMANTICS 1
| #define _TANDEM_SOURCE 1
| #define STDC_HEADERS 1
| #define HAVE_STRING_H 1
| /* end confdefs.h.  */
| 
| /* Override any GCC internal prototype to avoid an error.
|    Use char because int might match the return type of a GCC
|    builtin and then its argument prototype would still apply.  */
| #ifdef __cplusplus
| extern "C"
| #endif
| char socket ();
| int
| main ()
| {
| return socket ();
|   ;
|   return 0;
| }
configure:4939: result: no
configure:4945: checking for gethostbyname in -lnsl
configure:4970: gcc -o conftest -g -O2   conftest.c -lnsl   >&5
configure:4970: $? = 0
configure:4979: result: yes
configure:4985: checking for dcgettext in -lintl
configure:5010: gcc -o conftest -g -O2   conftest.c -lintl   >&5
conftest.c:33:6: warning: conflicting types for built-in function 'dcgettext'; expected 'char *(const char *, const char *, int)' [-Wbuiltin-declaration-mismatch]
   33 | char dcgettext ();
      |      ^~~~~~~~~
/usr/bin/ld: cannot find -lintl: No such file or directory
collect2: error: ld returned 1 exit status
configure:5010: $? = 1
configure: failed program was:
| /* confdefs.h */
| #define PACKAGE_NAME ""
| #define PACKAGE_TARNAME ""
| #define PACKAGE_VERSION ""
| #define PACKAGE_STRING ""
| #define PACKAGE_BUGREPORT ""
| #define PACKAGE_URL ""
| #define STDC_HEADERS 1
| #define HAVE_SYS_TYPES_H 1
| #define HAVE_SYS_STAT_H 1
| #define HAVE_STDLIB_H 1
| #define HAVE_STRING_H 1
| #define HAVE_MEMORY_H 1
| #define HAVE_STRINGS_H 1
| #define HAVE_INTTYPES_H 1
| #define HAVE_STDINT_H 1
| #define HAVE_UNISTD_H 1
| #define __EXTENSIONS__ 1
| #define _ALL_SOURCE 1
| #define _GNU_SOURCE 1
| #define _POSIX_PTHREAD_SEMANTICS 1
| #define _TANDEM_SOURCE 1
| #define STDC_HEADERS 1
| #define HAVE_STRING_H 1
| /* end confdefs.h.  */
| 
| /* Override any GCC internal prototype to avoid an error.
|    Use char because int might match the return type of a GCC
|    builtin and then its argument prototype would still apply.  */
| #ifdef __cplusplus
| extern "C"
| #endif
| char dcgettext ();
| int
| main ()
| {
| return dcgettext ();
|   ;
|   return 0;
| }
configure:5019: result: no
configure:5025: checking for getnodebyname in -ldnet_stub
configure:5050: gcc -o conftest -g -O2   conftest.c -ldnet_stub   >&5
/usr/bin/ld: cannot find -ldnet_stub: No such file or directory
collect2: error: ld returned 1 exit status
configure:5050: $? = 1
configure: failed program was:
| /* confdefs.h */
| #define PACKAGE_NAME ""
| #define PACKAGE_TARNAME ""
| #define PACKAGE_VERSION ""
| #define PACKAGE_STRING ""
| #define PACKAGE_BUGREPORT ""
| #define PACKAGE_URL ""
| #define STDC_HEADERS 1
| #define HAVE_SYS_TYPES_H 1
| #define HAVE_SYS_STAT_H 1
| #define HAVE_STDLIB_H 1
| #define HAVE_STRING_H 1
| #define HAVE_MEMORY_H 1
| #define HAVE_STRINGS_H 1
| #define HAVE_INTTYPES_H 1
| #define HAVE_STDINT_H 1
| #define HAVE_UNISTD_H 1
| #define __EXTENSIONS__ 1
| #define _ALL_SOURCE 1
| #define _GNU_SOURCE 1
| #define _POSIX_PTHREAD_SEMANTICS 1
| #define _TANDEM_SOURCE 1
| #define STDC_HEADERS 1
| #define HAVE_STRING_H 1
| /* end confdefs.h.  */
| 
| /* Override any GCC internal prototype to avoid an error.
|    Use char because int might match the return type of a GCC
|    builtin and then its argument prototype would still apply.  */
| #ifdef __cplusplus
| extern "C"
| #endif
| char getnodebyname ();
| int
| main ()
| {
| return getnodebyname ();
|   ;
|   return 0;
| }
configure:5059: result: no
configure:5105: checking that g++ can handle -O2
configure:5126: gcc -c -g -O2  conftest.c >&5
conftest.c: In function 'main':
conftest.c:32:17: error: 'error' undeclared (first use in this function)
   32 |                 error
      |                 ^~~~~
conftest.c:32:17: note: each undeclared identifier is reported only once for each function it appears in
conftest.c:32:22: error: expected ';' before 'int'
   32 |                 error
      |                      ^
      |                      ;
......
   36 |                 int error;
      |                 ~~~   
configure:5126: $? = 1
configure: failed program was:
| /* confdefs.h */
| #define PACKAGE_NAME ""
| #define PACKAGE_TARNAME ""
| #define PACKAGE_VERSION ""
| #define PACKAGE_STRING ""
| #define PACKAGE_BUGREPORT ""
| #define PACKAGE_URL ""
| #define STDC_HEADERS 1
| #define HAVE_SYS_TYPES_H 1
| #define HAVE_SYS_STAT_H 1
| #define HAVE_STDLIB_H 1
| #define HAVE_STRING_H 1
| #define HAVE_MEMORY_H 1
| #define HAVE_STRINGS_H 1
| #define HAVE_INTTYPES_H 1
| #define HAVE_STDINT_H 1
| #define HAVE_UNISTD_H 1
| #define __EXTENSIONS__ 1
| #define _ALL_SOURCE 1
| #define _GNU_SOURCE 1
| #define _POSIX_PTHREAD_SEMANTICS 1
| #define _TANDEM_SOURCE 1
| #define STDC_HEADERS 1
| #define HAVE_STRING_H 1
| /* end confdefs.h.  */
| 
| int
| main ()
| {
| #if __GNUC__ < 2  || __GNUC_MINOR__ < 8
| 		/* gcc */
| 		error
| 		#endif
| 		#if __GNUC_MINOR__ < 92
| 		/* egcs */
| 		int error;
| 		#endif
| 
|   ;
|   return 0;
| }
configure:5132: result: no
configure:5247: checking if C++ libraries work without any namespace
configure:5263: g++ -c -g -O2  conftest.cpp >&5
conftest.cpp: In function 'int main()':
conftest.cpp:31:1: error: 'cout' was not declared in this scope; did you mean 'std::cout'?
   31 | cout.fail();
      | ^~~~
      | std::cout
In file included from conftest.cpp:26:
/usr/include/c++/11/iostream:61:18: note: 'std::cout' declared here
   61 |   extern ostream cout;          /// Linked to standard output
      |                  ^~~~
configure:5263: $? = 1
configure: failed program was:
| /* confdefs.h */
| #define PACKAGE_NAME ""
| #define PACKAGE_TARNAME ""
| #define PACKAGE_VERSION ""
| #define PACKAGE_STRING ""
| #define PACKAGE_BUGREPORT ""
| #define PACKAGE_URL ""
| #define STDC_HEADERS 1
| #define HAVE_SYS_TYPES_H 1
| #define HAVE_SYS_STAT_H 1
| #define HAVE_STDLIB_H 1
| #define HAVE_STRING_H 1
| #define HAVE_MEMORY_H 1
| #define HAVE_STRINGS_H 1
| #define HAVE_INTTYPES_H 1
| #define HAVE_STDINT_H 1
| #define HAVE_UNISTD_H 1
| #define __EXTENSIONS__ 1
| #define _ALL_SOURCE 1
| #define _GNU_SOURCE 1
| #define _POSIX_PTHREAD_SEMANTICS 1
| #define _TANDEM_SOURCE 1
| #define STDC_HEADERS 1
| #define HAVE_STRING_H 1
| /* end confdefs.h.  */
| #include <iostream>
| 
| int
| main ()
| {
| cout.fail();
| 
|   ;
|   return 0;
| }
configure:5269: result: no
configure:5277: checking if C++ libraries work with namespace std
configure:5293: g++ -c -g -O2  conftest.cpp >&5
configure:5293: $? = 0
configure:5294: result: yes
configure:5308: checking if STL works without any namespace
configure:5323: g++ -c -g -O2  conftest.cpp >&5
conftest.cpp: In function 'int main()':
conftest.cpp:31:1: error: 'list' was not declared in this scope
   31 | list<int> test;
      | ^~~~
conftest.cpp:31:1: note: suggested alternatives:
In file included from /usr/include/c++/11/list:63,
                 from conftest.cpp:26:
/usr/include/c++/11/bits/stl_list.h:557:11: note:   'std::__cxx11::list'
  557 |     class list : protected _List_base<_Tp, _Alloc>
      |           ^~~~
In file included from conftest.cpp:26:
/usr/include/c++/11/list:78:13: note:   'std::pmr::list'
   78 |       using list = std::list<_Tp, polymorphic_allocator<_Tp>>;
      |             ^~~~
conftest.cpp:31:6: error: expected primary-expression before 'int'
   31 | list<int> test;
      |      ^~~
configure:5323: $? = 1
configure: failed program was:
| /* confdefs.h */
| #define PACKAGE_NAME ""
| #define PACKAGE_TARNAME ""
| #define PACKAGE_VERSION ""
| #define PACKAGE_STRING ""
| #define PACKAGE_BUGREPORT ""
| #define PACKAGE_URL ""
| #define STDC_HEADERS 1
| #define HAVE_SYS_TYPES_H 1
| #define HAVE_SYS_STAT_H 1
| #define HAVE_STDLIB_H 1
| #define HAVE_STRING_H 1
| #define HAVE_MEMORY_H 1
| #define HAVE_STRINGS_H 1
| #define HAVE_INTTYPES_H 1
| #define HAVE_STDINT_H 1
| #define HAVE_UNISTD_H 1
| #define __EXTENSIONS__ 1
| #define _ALL_SOURCE 1
| #define _GNU_SOURCE 1
| #define _POSIX_PTHREAD_SEMANTICS 1
| #define _TANDEM_SOURCE 1
| #define STDC_HEADERS 1
| #define HAVE_STRING_H 1
| /* end confdefs.h.  */
| #include <list>
| 
| int
| main ()
| {
| list<int> test;
| 
|   ;
|   return 0;
| }
configure:5329: result: no
configure:5337: checking if STL works with namespace std
configure:5353: g++ -c -g -O2  conftest.cpp >&5
configure:5353: $? = 0
configure:5354: result: yes
configure:5404: checking should use STL
configure:5428: result: yes
configure:5674: checking for tcl.h
configure:5725: result: -I../include
configure:5731: checking for tclInt.h
configure:5782: result: -I../include
configure:5788: checking for libtcl8.5
configure:5850: result: -L../lib -ltcl8.5
configure:5856: checking for init.tcl
configure:5893: result: ../lib/tcl8.5
configure:5911: checking for http.tcl
configure:5948: result: ../lib/tcl8.5/http1.0
configure:5953: checking Tcl http.tcl library
configure:5957: result: yes
configure:5978: checking for tclsh8.5.10
configure:6011: result: no
configure:5978: checking for tclsh8.5
configure:5996: found ../bin/tclsh8.5
configure:6008: result: ../bin/tclsh8.5
configure:6239: checking for tk.h
configure:6290: result: -I../include
configure:6296: checking for libtk8.5
configure:6358: result: -L../lib -ltk8.5
configure:6364: checking for tk.tcl
configure:6401: result: ../lib/tk8.5
configure:6489: checking for otcl.h
configure:6540: result: -I../otcl-1.14
configure:6546: checking for libotcl1.14
configure:6608: result: -L../otcl-1.14 -lotcl
configure:6721: checking for tclcl.h
configure:6772: result: -I../tclcl-1.20
configure:6778: checking for libtclcl
configure:6840: result: -L../tclcl-1.20 -ltclcl
configure:6846: checking for tcl2c++
configure:6883: result: ../tclcl-1.20
configure:7069: gcc -E  conftest.c
configure:7069: $? = 0
configure:7095: checking for XOpenDisplay in -lX11
configure:7120: gcc -o conftest -g -O2   conftest.c -lX11   >&5
configure:7120: $? = 0
configure:7129: result: yes
configure:7155: checking for XShmAttach in -lXext
configure:7180: gcc -o conftest -g -O2   conftest.c -lXext -lX11  >&5
configure:7180: $? = 0
configure:7189: result: yes
configure:7260: checking for libtcldbg
configure:7303: result: no
configure:7402: checking dmalloc
configure:7404: result: not requested with --with-dmalloc
configure:7670: checking for perl
configure:7707: result: /usr/bin
/usr/bin/perl -e require 5.002
configure:7812: checking for ANSI C header files
configure:7916: result: yes
configure:7928: checking arpa/inet.h usability
configure:7928: gcc -c -g -O2  conftest.c >&5
configure:7928: $? = 0
configure:7928: result: yes
configure:7928: checking arpa/inet.h presence
configure:7928: gcc -E  conftest.c
configure:7928: $? = 0
configure:7928: result: yes
configure:7928: checking for arpa/inet.h
configure:7928: result: yes
configure:7928: checking fenv.h usability
configure:7928: gcc -c -g -O2  conftest.c >&5
configure:7928: $? = 0
configure:7928: result: yes
configure:7928: checking fenv.h presence
configure:7928: gcc -E  conftest.c
configure:7928: $? = 0
configure:7928: result: yes
configure:7928: checking for fenv.h
configure:7928: result: yes
configure:7928: checking netinet/in.h usability
configure:7928: gcc -c -g -O2  conftest.c >&5
configure:7928: $? = 0
configure:7928: result: yes
configure:7928: checking netinet/in.h presence
configure:7928: gcc -E  conftest.c
configure:7928: $? = 0
configure:7928: result: yes
configure:7928: checking for netinet/in.h
configure:7928: result: yes
configure:7928: checking for string.h
configure:7928: result: yes
configure:7928: checking for strings.h
configure:7928: result: yes
configure:7928: checking time.h usability
configure:7928: gcc -c -g -O2  conftest.c >&5
configure:7928: $? = 0
configure:7928: result: yes
configure:7928: checking time.h presence
configure:7928: gcc -E  conftest.c
configure:7928: $? = 0
configure:7928: result: yes
configure:7928: checking for time.h
configure:7928: result: yes
configure:7928: checking for unistd.h
configure:7928: result: yes
configure:7928: checking net/ethernet.h usability
configure:7928: gcc -c -g -O2  conftest.c >&5
configure:7928: $? = 0
configure:7928: result: yes
configure:7928: checking net/ethernet.h presence
configure:7928: gcc -E  conftest.c
configure:7928: $? = 0
configure:7928: result: yes
configure:7928: checking for net/ethernet.h
configure:7928: result: yes
configure:7938: checking for main in -lm
configure:7957: gcc -o conftest -g -O2   conftest.c -lm   >&5
configure:7957: $? = 0
configure:7966: result: yes
configure:7982: checking for bcopy
configure:7982: gcc -o conftest -g -O2   conftest.c -lm  >&5
conftest.c:70:6: warning: conflicting types for built-in function 'bcopy'; expected 'void(const void *, void *, long unsigned int)' [-Wbuiltin-declaration-mismatch]
   70 | char bcopy ();
      |      ^~~~~
configure:7982: $? = 0
configure:7982: result: yes
configure:7982: checking for bzero
configure:7982: gcc -o conftest -g -O2   conftest.c -lm  >&5
conftest.c:71:6: warning: conflicting types for built-in function 'bzero'; expected 'void(void *, long unsigned int)' [-Wbuiltin-declaration-mismatch]
   71 | char bzero ();
      |      ^~~~~
configure:7982: $? = 0
configure:7982: result: yes
configure:7982: checking for fesetprecision
configure:7982: gcc -o conftest -g -O2   conftest.c -lm  >&5
/usr/bin/ld: /tmp/ccNCm0eZ.o: in function `main':
/home/agsargsyan/compile/ns-allinone-2.35/ns-2.35/conftest.c:83: undefined reference to `fesetprecision'
collect2: error: ld returned 1 exit status
configure:7982: $? = 1
configure: failed program was:
| /* confdefs.h */
| #define PACKAGE_NAME ""
| #define PACKAGE_TARNAME ""
| #define PACKAGE_VERSION ""
| #define PACKAGE_STRING ""
| #define PACKAGE_BUGREPORT ""
| #define PACKAGE_URL ""
| #define STDC_HEADERS 1
| #define HAVE_SYS_TYPES_H 1
| #define HAVE_SYS_STAT_H 1
| #define HAVE_STDLIB_H 1
| #define HAVE_STRING_H 1
| #define HAVE_MEMORY_H 1
| #define HAVE_STRINGS_H 1
| #define HAVE_INTTYPES_H 1
| #define HAVE_STDINT_H 1
| #define HAVE_UNISTD_H 1
| #define __EXTENSIONS__ 1
| #define _ALL_SOURCE 1
| #define _GNU_SOURCE 1
| #define _POSIX_PTHREAD_SEMANTICS 1
| #define _TANDEM_SOURCE 1
| #define STDC_HEADERS 1
| #define HAVE_STRING_H 1
| #define HAVE_STL 1
| #define CPP_REQUIRES_NAMESPACE 1
| #define HAVE_TCL_H 1
| #define HAVE_TCLINT_H 1
| #define HAVE_LIBTCL8_5 1
| #define HAVE_TK_H 1
| #define HAVE_LIBTK8_5 1
| #define HAVE_OTCL_H 1
| #define HAVE_LIBOTCL1_14 1
| #define HAVE_TCLCL_H 1
| #define HAVE_LIBTCLCL 1
| #define STDC_HEADERS 1
| #define HAVE_ARPA_INET_H 1
| #define HAVE_FENV_H 1
| #define HAVE_NETINET_IN_H 1
| #define HAVE_STRING_H 1
| #define HAVE_STRINGS_H 1
| #define HAVE_TIME_H 1
| #define HAVE_UNISTD_H 1
| #define HAVE_NET_ETHERNET_H 1
| #define HAVE_LIBM 1
| #define HAVE_BCOPY 1
| #define HAVE_BZERO 1
| /* end confdefs.h.  */
| /* Define fesetprecision to an innocuous variant, in case <limits.h> declares fesetprecision.
|    For example, HP-UX 11i <limits.h> declares gettimeofday.  */
| #define fesetprecision innocuous_fesetprecision
| 
| /* System header to define __stub macros and hopefully few prototypes,
|     which can conflict with char fesetprecision (); below.
|     Prefer <limits.h> to <assert.h> if __STDC__ is defined, since
|     <limits.h> exists even on freestanding compilers.  */
| 
| #ifdef __STDC__
| # include <limits.h>
| #else
| # include <assert.h>
| #endif
| 
| #undef fesetprecision
| 
| /* Override any GCC internal prototype to avoid an error.
|    Use char because int might match the return type of a GCC
|    builtin and then its argument prototype would still apply.  */
| #ifdef __cplusplus
| extern "C"
| #endif
| char fesetprecision ();
| /* The GNU C library defines this for functions which it implements
|     to always fail with ENOSYS.  Some functions are actually named
|     something starting with __ and the normal name is an alias.  */
| #if defined __stub_fesetprecision || defined __stub___fesetprecision
| choke me
| #endif
| 
| int
| main ()
| {
| return fesetprecision ();
|   ;
|   return 0;
| }
configure:7982: result: no
configure:7982: checking for feenableexcept
configure:7982: gcc -o conftest -g -O2   conftest.c -lm  >&5
configure:7982: $? = 0
configure:7982: result: yes
configure:7982: checking for getrusage
configure:7982: gcc -o conftest -g -O2   conftest.c -lm  >&5
configure:7982: $? = 0
configure:7982: result: yes
configure:7982: checking for sbrk
configure:7982: gcc -o conftest -g -O2   conftest.c -lm  >&5
configure:7982: $? = 0
configure:7982: result: yes
configure:7982: checking for snprintf
configure:7982: gcc -o conftest -g -O2   conftest.c -lm  >&5
conftest.c:75:6: warning: conflicting types for built-in function 'snprintf'; expected 'int(char *, long unsigned int,  const char *, ...)' [-Wbuiltin-declaration-mismatch]
   75 | char snprintf ();
      |      ^~~~~~~~
conftest.c:63:1: note: 'snprintf' is declared in header '<stdio.h>'
   62 | # include <limits.h>
   63 | #else
configure:7982: $? = 0
configure:7982: result: yes
configure:7992: checking return type of random
configure:8010: gcc -o conftest -g -O2   conftest.c -lm  >&5
conftest.c:56:1: warning: return type defaults to 'int' [-Wimplicit-int]
   56 | main() { exit(0); }
      | ^~~~
configure:8010: $? = 0
configure:8010: ./conftest
configure:8010: $? = 0
configure:8011: result: long
configure:8028: checking for int8_t
configure:8028: gcc -c -g -O2  conftest.c >&5
configure:8028: $? = 0
configure:8028: gcc -c -g -O2  conftest.c >&5
conftest.c: In function 'main':
conftest.c:90:21: error: expected expression before ')' token
   90 | if (sizeof ((int8_t)))
      |                     ^
configure:8028: $? = 1
configure: failed program was:
| /* confdefs.h */
| #define PACKAGE_NAME ""
| #define PACKAGE_TARNAME ""
| #define PACKAGE_VERSION ""
| #define PACKAGE_STRING ""
| #define PACKAGE_BUGREPORT ""
| #define PACKAGE_URL ""
| #define STDC_HEADERS 1
| #define HAVE_SYS_TYPES_H 1
| #define HAVE_SYS_STAT_H 1
| #define HAVE_STDLIB_H 1
| #define HAVE_STRING_H 1
| #define HAVE_MEMORY_H 1
| #define HAVE_STRINGS_H 1
| #define HAVE_INTTYPES_H 1
| #define HAVE_STDINT_H 1
| #define HAVE_UNISTD_H 1
| #define __EXTENSIONS__ 1
| #define _ALL_SOURCE 1
| #define _GNU_SOURCE 1
| #define _POSIX_PTHREAD_SEMANTICS 1
| #define _TANDEM_SOURCE 1
| #define STDC_HEADERS 1
| #define HAVE_STRING_H 1
| #define HAVE_STL 1
| #define CPP_REQUIRES_NAMESPACE 1
| #define HAVE_TCL_H 1
| #define HAVE_TCLINT_H 1
| #define HAVE_LIBTCL8_5 1
| #define HAVE_TK_H 1
| #define HAVE_LIBTK8_5 1
| #define HAVE_OTCL_H 1
| #define HAVE_LIBOTCL1_14 1
| #define HAVE_TCLCL_H 1
| #define HAVE_LIBTCLCL 1
| #define STDC_HEADERS 1
| #define HAVE_ARPA_INET_H 1
| #define HAVE_FENV_H 1
| #define HAVE_NETINET_IN_H 1
| #define HAVE_STRING_H 1
| #define HAVE_STRINGS_H 1
| #define HAVE_TIME_H 1
| #define HAVE_UNISTD_H 1
| #define HAVE_NET_ETHERNET_H 1
| #define HAVE_LIBM 1
| #define HAVE_BCOPY 1
| #define HAVE_BZERO 1
| #define HAVE_FEENABLEEXCEPT 1
| #define HAVE_GETRUSAGE 1
| #define HAVE_SBRK 1
| #define HAVE_SNPRINTF 1
| #define RANDOM_RETURN_TYPE long
| /* end confdefs.h.  */
| #include <stdio.h>
| #ifdef HAVE_SYS_TYPES_H
| # include <sys/types.h>
| #endif
| #ifdef HAVE_SYS_STAT_H
| # include <sys/stat.h>
| #endif
| #ifdef STDC_HEADERS
| # include <stdlib.h>
| # include <stddef.h>
| #else
| # ifdef HAVE_STDLIB_H
| #  include <stdlib.h>
| # endif
| #endif
| #ifdef HAVE_STRING_H
| # if !defined STDC_HEADERS && defined HAVE_MEMORY_H
| #  include <memory.h>
| # endif
| # include <string.h>
| #endif
| #ifdef HAVE_STRINGS_H
| # include <strings.h>
| #endif
| #ifdef HAVE_INTTYPES_H
| # include <inttypes.h>
| #endif
| #ifdef HAVE_STDINT_H
| # include <stdint.h>
| #endif
| #ifdef HAVE_UNISTD_H
| # include <unistd.h>
| #endif
| int
| main ()
| {
| if (sizeof ((int8_t)))
| 	    return 0;
|   ;
|   return 0;
| }
configure:8028: result: yes
configure:8039: checking for int16_t
configure:8039: gcc -c -g -O2  conftest.c >&5
configure:8039: $? = 0
configure:8039: gcc -c -g -O2  conftest.c >&5
conftest.c: In function 'main':
conftest.c:90:22: error: expected expression before ')' token
   90 | if (sizeof ((int16_t)))
      |                      ^
configure:8039: $? = 1
configure: failed program was:
| /* confdefs.h */
| #define PACKAGE_NAME ""
| #define PACKAGE_TARNAME ""
| #define PACKAGE_VERSION ""
| #define PACKAGE_STRING ""
| #define PACKAGE_BUGREPORT ""
| #define PACKAGE_URL ""
| #define STDC_HEADERS 1
| #define HAVE_SYS_TYPES_H 1
| #define HAVE_SYS_STAT_H 1
| #define HAVE_STDLIB_H 1
| #define HAVE_STRING_H 1
| #define HAVE_MEMORY_H 1
| #define HAVE_STRINGS_H 1
| #define HAVE_INTTYPES_H 1
| #define HAVE_STDINT_H 1
| #define HAVE_UNISTD_H 1
| #define __EXTENSIONS__ 1
| #define _ALL_SOURCE 1
| #define _GNU_SOURCE 1
| #define _POSIX_PTHREAD_SEMANTICS 1
| #define _TANDEM_SOURCE 1
| #define STDC_HEADERS 1
| #define HAVE_STRING_H 1
| #define HAVE_STL 1
| #define CPP_REQUIRES_NAMESPACE 1
| #define HAVE_TCL_H 1
| #define HAVE_TCLINT_H 1
| #define HAVE_LIBTCL8_5 1
| #define HAVE_TK_H 1
| #define HAVE_LIBTK8_5 1
| #define HAVE_OTCL_H 1
| #define HAVE_LIBOTCL1_14 1
| #define HAVE_TCLCL_H 1
| #define HAVE_LIBTCLCL 1
| #define STDC_HEADERS 1
| #define HAVE_ARPA_INET_H 1
| #define HAVE_FENV_H 1
| #define HAVE_NETINET_IN_H 1
| #define HAVE_STRING_H 1
| #define HAVE_STRINGS_H 1
| #define HAVE_TIME_H 1
| #define HAVE_UNISTD_H 1
| #define HAVE_NET_ETHERNET_H 1
| #define HAVE_LIBM 1
| #define HAVE_BCOPY 1
| #define HAVE_BZERO 1
| #define HAVE_FEENABLEEXCEPT 1
| #define HAVE_GETRUSAGE 1
| #define HAVE_SBRK 1
| #define HAVE_SNPRINTF 1
| #define RANDOM_RETURN_TYPE long
| /* end confdefs.h.  */
| #include <stdio.h>
| #ifdef HAVE_SYS_TYPES_H
| # include <sys/types.h>
| #endif
| #ifdef HAVE_SYS_STAT_H
| # include <sys/stat.h>
| #endif
| #ifdef STDC_HEADERS
| # include <stdlib.h>
| # include <stddef.h>
| #else
| # ifdef HAVE_STDLIB_H
| #  include <stdlib.h>
| # endif
| #endif
| #ifdef HAVE_STRING_H
| # if !defined STDC_HEADERS && defined HAVE_MEMORY_H
| #  include <memory.h>
| # endif
| # include <string.h>
| #endif
| #ifdef HAVE_STRINGS_H
| # include <strings.h>
| #endif
| #ifdef HAVE_INTTYPES_H
| # include <inttypes.h>
| #endif
| #ifdef HAVE_STDINT_H
| # include <stdint.h>
| #endif
| #ifdef HAVE_UNISTD_H
| # include <unistd.h>
| #endif
| int
| main ()
| {
| if (sizeof ((int16_t)))
| 	    return 0;
|   ;
|   return 0;
| }
configure:8039: result: yes
configure:8050: checking for int32_t
configure:8050: gcc -c -g -O2  conftest.c >&5
configure:8050: $? = 0
configure:8050: gcc -c -g -O2  conftest.c >&5
conftest.c: In function 'main':
conftest.c:90:22: error: expected expression before ')' token
   90 | if (sizeof ((int32_t)))
      |                      ^
configure:8050: $? = 1
configure: failed program was:
| /* confdefs.h */
| #define PACKAGE_NAME ""
| #define PACKAGE_TARNAME ""
| #define PACKAGE_VERSION ""
| #define PACKAGE_STRING ""
| #define PACKAGE_BUGREPORT ""
| #define PACKAGE_URL ""
| #define STDC_HEADERS 1
| #define HAVE_SYS_TYPES_H 1
| #define HAVE_SYS_STAT_H 1
| #define HAVE_STDLIB_H 1
| #define HAVE_STRING_H 1
| #define HAVE_MEMORY_H 1
| #define HAVE_STRINGS_H 1
| #define HAVE_INTTYPES_H 1
| #define HAVE_STDINT_H 1
| #define HAVE_UNISTD_H 1
| #define __EXTENSIONS__ 1
| #define _ALL_SOURCE 1
| #define _GNU_SOURCE 1
| #define _POSIX_PTHREAD_SEMANTICS 1
| #define _TANDEM_SOURCE 1
| #define STDC_HEADERS 1
| #define HAVE_STRING_H 1
| #define HAVE_STL 1
| #define CPP_REQUIRES_NAMESPACE 1
| #define HAVE_TCL_H 1
| #define HAVE_TCLINT_H 1
| #define HAVE_LIBTCL8_5 1
| #define HAVE_TK_H 1
| #define HAVE_LIBTK8_5 1
| #define HAVE_OTCL_H 1
| #define HAVE_LIBOTCL1_14 1
| #define HAVE_TCLCL_H 1
| #define HAVE_LIBTCLCL 1
| #define STDC_HEADERS 1
| #define HAVE_ARPA_INET_H 1
| #define HAVE_FENV_H 1
| #define HAVE_NETINET_IN_H 1
| #define HAVE_STRING_H 1
| #define HAVE_STRINGS_H 1
| #define HAVE_TIME_H 1
| #define HAVE_UNISTD_H 1
| #define HAVE_NET_ETHERNET_H 1
| #define HAVE_LIBM 1
| #define HAVE_BCOPY 1
| #define HAVE_BZERO 1
| #define HAVE_FEENABLEEXCEPT 1
| #define HAVE_GETRUSAGE 1
| #define HAVE_SBRK 1
| #define HAVE_SNPRINTF 1
| #define RANDOM_RETURN_TYPE long
| /* end confdefs.h.  */
| #include <stdio.h>
| #ifdef HAVE_SYS_TYPES_H
| # include <sys/types.h>
| #endif
| #ifdef HAVE_SYS_STAT_H
| # include <sys/stat.h>
| #endif
| #ifdef STDC_HEADERS
| # include <stdlib.h>
| # include <stddef.h>
| #else
| # ifdef HAVE_STDLIB_H
| #  include <stdlib.h>
| # endif
| #endif
| #ifdef HAVE_STRING_H
| # if !defined STDC_HEADERS && defined HAVE_MEMORY_H
| #  include <memory.h>
| # endif
| # include <string.h>
| #endif
| #ifdef HAVE_STRINGS_H
| # include <strings.h>
| #endif
| #ifdef HAVE_INTTYPES_H
| # include <inttypes.h>
| #endif
| #ifdef HAVE_STDINT_H
| # include <stdint.h>
| #endif
| #ifdef HAVE_UNISTD_H
| # include <unistd.h>
| #endif
| int
| main ()
| {
| if (sizeof ((int32_t)))
| 	    return 0;
|   ;
|   return 0;
| }
configure:8050: result: yes
configure:8061: checking for u_int8_t
configure:8061: gcc -c -g -O2  conftest.c >&5
configure:8061: $? = 0
configure:8061: gcc -c -g -O2  conftest.c >&5
conftest.c: In function 'main':
conftest.c:90:23: error: expected expression before ')' token
   90 | if (sizeof ((u_int8_t)))
      |                       ^
configure:8061: $? = 1
configure: failed program was:
| /* confdefs.h */
| #define PACKAGE_NAME ""
| #define PACKAGE_TARNAME ""
| #define PACKAGE_VERSION ""
| #define PACKAGE_STRING ""
| #define PACKAGE_BUGREPORT ""
| #define PACKAGE_URL ""
| #define STDC_HEADERS 1
| #define HAVE_SYS_TYPES_H 1
| #define HAVE_SYS_STAT_H 1
| #define HAVE_STDLIB_H 1
| #define HAVE_STRING_H 1
| #define HAVE_MEMORY_H 1
| #define HAVE_STRINGS_H 1
| #define HAVE_INTTYPES_H 1
| #define HAVE_STDINT_H 1
| #define HAVE_UNISTD_H 1
| #define __EXTENSIONS__ 1
| #define _ALL_SOURCE 1
| #define _GNU_SOURCE 1
| #define _POSIX_PTHREAD_SEMANTICS 1
| #define _TANDEM_SOURCE 1
| #define STDC_HEADERS 1
| #define HAVE_STRING_H 1
| #define HAVE_STL 1
| #define CPP_REQUIRES_NAMESPACE 1
| #define HAVE_TCL_H 1
| #define HAVE_TCLINT_H 1
| #define HAVE_LIBTCL8_5 1
| #define HAVE_TK_H 1
| #define HAVE_LIBTK8_5 1
| #define HAVE_OTCL_H 1
| #define HAVE_LIBOTCL1_14 1
| #define HAVE_TCLCL_H 1
| #define HAVE_LIBTCLCL 1
| #define STDC_HEADERS 1
| #define HAVE_ARPA_INET_H 1
| #define HAVE_FENV_H 1
| #define HAVE_NETINET_IN_H 1
| #define HAVE_STRING_H 1
| #define HAVE_STRINGS_H 1
| #define HAVE_TIME_H 1
| #define HAVE_UNISTD_H 1
| #define HAVE_NET_ETHERNET_H 1
| #define HAVE_LIBM 1
| #define HAVE_BCOPY 1
| #define HAVE_BZERO 1
| #define HAVE_FEENABLEEXCEPT 1
| #define HAVE_GETRUSAGE 1
| #define HAVE_SBRK 1
| #define HAVE_SNPRINTF 1
| #define RANDOM_RETURN_TYPE long
| /* end confdefs.h.  */
| #include <stdio.h>
| #ifdef HAVE_SYS_TYPES_H
| # include <sys/types.h>
| #endif
| #ifdef HAVE_SYS_STAT_H
| # include <sys/stat.h>
| #endif
| #ifdef STDC_HEADERS
| # include <stdlib.h>
| # include <stddef.h>
| #else
| # ifdef HAVE_STDLIB_H
| #  include <stdlib.h>
| # endif
| #endif
| #ifdef HAVE_STRING_H
| # if !defined STDC_HEADERS && defined HAVE_MEMORY_H
| #  include <memory.h>
| # endif
| # include <string.h>
| #endif
| #ifdef HAVE_STRINGS_H
| # include <strings.h>
| #endif
| #ifdef HAVE_INTTYPES_H
| # include <inttypes.h>
| #endif
| #ifdef HAVE_STDINT_H
| # include <stdint.h>
| #endif
| #ifdef HAVE_UNISTD_H
| # include <unistd.h>
| #endif
| int
| main ()
| {
| if (sizeof ((u_int8_t)))
| 	    return 0;
|   ;
|   return 0;
| }
configure:8061: result: yes
configure:8072: checking for u_int16_t
configure:8072: gcc -c -g -O2  conftest.c >&5
configure:8072: $? = 0
configure:8072: gcc -c -g -O2  conftest.c >&5
conftest.c: In function 'main':
conftest.c:90:24: error: expected expression before ')' token
   90 | if (sizeof ((u_int16_t)))
      |                        ^
configure:8072: $? = 1
configure: failed program was:
| /* confdefs.h */
| #define PACKAGE_NAME ""
| #define PACKAGE_TARNAME ""
| #define PACKAGE_VERSION ""
| #define PACKAGE_STRING ""
| #define PACKAGE_BUGREPORT ""
| #define PACKAGE_URL ""
| #define STDC_HEADERS 1
| #define HAVE_SYS_TYPES_H 1
| #define HAVE_SYS_STAT_H 1
| #define HAVE_STDLIB_H 1
| #define HAVE_STRING_H 1
| #define HAVE_MEMORY_H 1
| #define HAVE_STRINGS_H 1
| #define HAVE_INTTYPES_H 1
| #define HAVE_STDINT_H 1
| #define HAVE_UNISTD_H 1
| #define __EXTENSIONS__ 1
| #define _ALL_SOURCE 1
| #define _GNU_SOURCE 1
| #define _POSIX_PTHREAD_SEMANTICS 1
| #define _TANDEM_SOURCE 1
| #define STDC_HEADERS 1
| #define HAVE_STRING_H 1
| #define HAVE_STL 1
| #define CPP_REQUIRES_NAMESPACE 1
| #define HAVE_TCL_H 1
| #define HAVE_TCLINT_H 1
| #define HAVE_LIBTCL8_5 1
| #define HAVE_TK_H 1
| #define HAVE_LIBTK8_5 1
| #define HAVE_OTCL_H 1
| #define HAVE_LIBOTCL1_14 1
| #define HAVE_TCLCL_H 1
| #define HAVE_LIBTCLCL 1
| #define STDC_HEADERS 1
| #define HAVE_ARPA_INET_H 1
| #define HAVE_FENV_H 1
| #define HAVE_NETINET_IN_H 1
| #define HAVE_STRING_H 1
| #define HAVE_STRINGS_H 1
| #define HAVE_TIME_H 1
| #define HAVE_UNISTD_H 1
| #define HAVE_NET_ETHERNET_H 1
| #define HAVE_LIBM 1
| #define HAVE_BCOPY 1
| #define HAVE_BZERO 1
| #define HAVE_FEENABLEEXCEPT 1
| #define HAVE_GETRUSAGE 1
| #define HAVE_SBRK 1
| #define HAVE_SNPRINTF 1
| #define RANDOM_RETURN_TYPE long
| /* end confdefs.h.  */
| #include <stdio.h>
| #ifdef HAVE_SYS_TYPES_H
| # include <sys/types.h>
| #endif
| #ifdef HAVE_SYS_STAT_H
| # include <sys/stat.h>
| #endif
| #ifdef STDC_HEADERS
| # include <stdlib.h>
| # include <stddef.h>
| #else
| # ifdef HAVE_STDLIB_H
| #  include <stdlib.h>
| # endif
| #endif
| #ifdef HAVE_STRING_H
| # if !defined STDC_HEADERS && defined HAVE_MEMORY_H
| #  include <memory.h>
| # endif
| # include <string.h>
| #endif
| #ifdef HAVE_STRINGS_H
| # include <strings.h>
| #endif
| #ifdef HAVE_INTTYPES_H
| # include <inttypes.h>
| #endif
| #ifdef HAVE_STDINT_H
| # include <stdint.h>
| #endif
| #ifdef HAVE_UNISTD_H
| # include <unistd.h>
| #endif
| int
| main ()
| {
| if (sizeof ((u_int16_t)))
| 	    return 0;
|   ;
|   return 0;
| }
configure:8072: result: yes
configure:8083: checking for u_int32_t
configure:8083: gcc -c -g -O2  conftest.c >&5
configure:8083: $? = 0
configure:8083: gcc -c -g -O2  conftest.c >&5
conftest.c: In function 'main':
conftest.c:90:24: error: expected expression before ')' token
   90 | if (sizeof ((u_int32_t)))
      |                        ^
configure:8083: $? = 1
configure: failed program was:
| /* confdefs.h */
| #define PACKAGE_NAME ""
| #define PACKAGE_TARNAME ""
| #define PACKAGE_VERSION ""
| #define PACKAGE_STRING ""
| #define PACKAGE_BUGREPORT ""
| #define PACKAGE_URL ""
| #define STDC_HEADERS 1
| #define HAVE_SYS_TYPES_H 1
| #define HAVE_SYS_STAT_H 1
| #define HAVE_STDLIB_H 1
| #define HAVE_STRING_H 1
| #define HAVE_MEMORY_H 1
| #define HAVE_STRINGS_H 1
| #define HAVE_INTTYPES_H 1
| #define HAVE_STDINT_H 1
| #define HAVE_UNISTD_H 1
| #define __EXTENSIONS__ 1
| #define _ALL_SOURCE 1
| #define _GNU_SOURCE 1
| #define _POSIX_PTHREAD_SEMANTICS 1
| #define _TANDEM_SOURCE 1
| #define STDC_HEADERS 1
| #define HAVE_STRING_H 1
| #define HAVE_STL 1
| #define CPP_REQUIRES_NAMESPACE 1
| #define HAVE_TCL_H 1
| #define HAVE_TCLINT_H 1
| #define HAVE_LIBTCL8_5 1
| #define HAVE_TK_H 1
| #define HAVE_LIBTK8_5 1
| #define HAVE_OTCL_H 1
| #define HAVE_LIBOTCL1_14 1
| #define HAVE_TCLCL_H 1
| #define HAVE_LIBTCLCL 1
| #define STDC_HEADERS 1
| #define HAVE_ARPA_INET_H 1
| #define HAVE_FENV_H 1
| #define HAVE_NETINET_IN_H 1
| #define HAVE_STRING_H 1
| #define HAVE_STRINGS_H 1
| #define HAVE_TIME_H 1
| #define HAVE_UNISTD_H 1
| #define HAVE_NET_ETHERNET_H 1
| #define HAVE_LIBM 1
| #define HAVE_BCOPY 1
| #define HAVE_BZERO 1
| #define HAVE_FEENABLEEXCEPT 1
| #define HAVE_GETRUSAGE 1
| #define HAVE_SBRK 1
| #define HAVE_SNPRINTF 1
| #define RANDOM_RETURN_TYPE long
| /* end confdefs.h.  */
| #include <stdio.h>
| #ifdef HAVE_SYS_TYPES_H
| # include <sys/types.h>
| #endif
| #ifdef HAVE_SYS_STAT_H
| # include <sys/stat.h>
| #endif
| #ifdef STDC_HEADERS
| # include <stdlib.h>
| # include <stddef.h>
| #else
| # ifdef HAVE_STDLIB_H
| #  include <stdlib.h>
| # endif
| #endif
| #ifdef HAVE_STRING_H
| # if !defined STDC_HEADERS && defined HAVE_MEMORY_H
| #  include <memory.h>
| # endif
| # include <string.h>
| #endif
| #ifdef HAVE_STRINGS_H
| # include <strings.h>
| #endif
| #ifdef HAVE_INTTYPES_H
| # include <inttypes.h>
| #endif
| #ifdef HAVE_STDINT_H
| # include <stdint.h>
| #endif
| #ifdef HAVE_UNISTD_H
| # include <unistd.h>
| #endif
| int
| main ()
| {
| if (sizeof ((u_int32_t)))
| 	    return 0;
|   ;
|   return 0;
| }
configure:8083: result: yes
configure:8094: checking for u_char
configure:8094: gcc -c -g -O2  conftest.c >&5
configure:8094: $? = 0
configure:8094: gcc -c -g -O2  conftest.c >&5
conftest.c: In function 'main':
conftest.c:90:21: error: expected expression before ')' token
   90 | if (sizeof ((u_char)))
      |                     ^
configure:8094: $? = 1
configure: failed program was:
| /* confdefs.h */
| #define PACKAGE_NAME ""
| #define PACKAGE_TARNAME ""
| #define PACKAGE_VERSION ""
| #define PACKAGE_STRING ""
| #define PACKAGE_BUGREPORT ""
| #define PACKAGE_URL ""
| #define STDC_HEADERS 1
| #define HAVE_SYS_TYPES_H 1
| #define HAVE_SYS_STAT_H 1
| #define HAVE_STDLIB_H 1
| #define HAVE_STRING_H 1
| #define HAVE_MEMORY_H 1
| #define HAVE_STRINGS_H 1
| #define HAVE_INTTYPES_H 1
| #define HAVE_STDINT_H 1
| #define HAVE_UNISTD_H 1
| #define __EXTENSIONS__ 1
| #define _ALL_SOURCE 1
| #define _GNU_SOURCE 1
| #define _POSIX_PTHREAD_SEMANTICS 1
| #define _TANDEM_SOURCE 1
| #define STDC_HEADERS 1
| #define HAVE_STRING_H 1
| #define HAVE_STL 1
| #define CPP_REQUIRES_NAMESPACE 1
| #define HAVE_TCL_H 1
| #define HAVE_TCLINT_H 1
| #define HAVE_LIBTCL8_5 1
| #define HAVE_TK_H 1
| #define HAVE_LIBTK8_5 1
| #define HAVE_OTCL_H 1
| #define HAVE_LIBOTCL1_14 1
| #define HAVE_TCLCL_H 1
| #define HAVE_LIBTCLCL 1
| #define STDC_HEADERS 1
| #define HAVE_ARPA_INET_H 1
| #define HAVE_FENV_H 1
| #define HAVE_NETINET_IN_H 1
| #define HAVE_STRING_H 1
| #define HAVE_STRINGS_H 1
| #define HAVE_TIME_H 1
| #define HAVE_UNISTD_H 1
| #define HAVE_NET_ETHERNET_H 1
| #define HAVE_LIBM 1
| #define HAVE_BCOPY 1
| #define HAVE_BZERO 1
| #define HAVE_FEENABLEEXCEPT 1
| #define HAVE_GETRUSAGE 1
| #define HAVE_SBRK 1
| #define HAVE_SNPRINTF 1
| #define RANDOM_RETURN_TYPE long
| /* end confdefs.h.  */
| #include <stdio.h>
| #ifdef HAVE_SYS_TYPES_H
| # include <sys/types.h>
| #endif
| #ifdef HAVE_SYS_STAT_H
| # include <sys/stat.h>
| #endif
| #ifdef STDC_HEADERS
| # include <stdlib.h>
| # include <stddef.h>
| #else
| # ifdef HAVE_STDLIB_H
| #  include <stdlib.h>
| # endif
| #endif
| #ifdef HAVE_STRING_H
| # if !defined STDC_HEADERS && defined HAVE_MEMORY_H
| #  include <memory.h>
| # endif
| # include <string.h>
| #endif
| #ifdef HAVE_STRINGS_H
| # include <strings.h>
| #endif
| #ifdef HAVE_INTTYPES_H
| # include <inttypes.h>
| #endif
| #ifdef HAVE_STDINT_H
| # include <stdint.h>
| #endif
| #ifdef HAVE_UNISTD_H
| # include <unistd.h>
| #endif
| int
| main ()
| {
| if (sizeof ((u_char)))
| 	    return 0;
|   ;
|   return 0;
| }
configure:8094: result: yes
configure:8105: checking for u_int
configure:8105: gcc -c -g -O2  conftest.c >&5
configure:8105: $? = 0
configure:8105: gcc -c -g -O2  conftest.c >&5
conftest.c: In function 'main':
conftest.c:90:20: error: expected expression before ')' token
   90 | if (sizeof ((u_int)))
      |                    ^
configure:8105: $? = 1
configure: failed program was:
| /* confdefs.h */
| #define PACKAGE_NAME ""
| #define PACKAGE_TARNAME ""
| #define PACKAGE_VERSION ""
| #define PACKAGE_STRING ""
| #define PACKAGE_BUGREPORT ""
| #define PACKAGE_URL ""
| #define STDC_HEADERS 1
| #define HAVE_SYS_TYPES_H 1
| #define HAVE_SYS_STAT_H 1
| #define HAVE_STDLIB_H 1
| #define HAVE_STRING_H 1
| #define HAVE_MEMORY_H 1
| #define HAVE_STRINGS_H 1
| #define HAVE_INTTYPES_H 1
| #define HAVE_STDINT_H 1
| #define HAVE_UNISTD_H 1
| #define __EXTENSIONS__ 1
| #define _ALL_SOURCE 1
| #define _GNU_SOURCE 1
| #define _POSIX_PTHREAD_SEMANTICS 1
| #define _TANDEM_SOURCE 1
| #define STDC_HEADERS 1
| #define HAVE_STRING_H 1
| #define HAVE_STL 1
| #define CPP_REQUIRES_NAMESPACE 1
| #define HAVE_TCL_H 1
| #define HAVE_TCLINT_H 1
| #define HAVE_LIBTCL8_5 1
| #define HAVE_TK_H 1
| #define HAVE_LIBTK8_5 1
| #define HAVE_OTCL_H 1
| #define HAVE_LIBOTCL1_14 1
| #define HAVE_TCLCL_H 1
| #define HAVE_LIBTCLCL 1
| #define STDC_HEADERS 1
| #define HAVE_ARPA_INET_H 1
| #define HAVE_FENV_H 1
| #define HAVE_NETINET_IN_H 1
| #define HAVE_STRING_H 1
| #define HAVE_STRINGS_H 1
| #define HAVE_TIME_H 1
| #define HAVE_UNISTD_H 1
| #define HAVE_NET_ETHERNET_H 1
| #define HAVE_LIBM 1
| #define HAVE_BCOPY 1
| #define HAVE_BZERO 1
| #define HAVE_FEENABLEEXCEPT 1
| #define HAVE_GETRUSAGE 1
| #define HAVE_SBRK 1
| #define HAVE_SNPRINTF 1
| #define RANDOM_RETURN_TYPE long
| /* end confdefs.h.  */
| #include <stdio.h>
| #ifdef HAVE_SYS_TYPES_H
| # include <sys/types.h>
| #endif
| #ifdef HAVE_SYS_STAT_H
| # include <sys/stat.h>
| #endif
| #ifdef STDC_HEADERS
| # include <stdlib.h>
| # include <stddef.h>
| #else
| # ifdef HAVE_STDLIB_H
| #  include <stdlib.h>
| # endif
| #endif
| #ifdef HAVE_STRING_H
| # if !defined STDC_HEADERS && defined HAVE_MEMORY_H
| #  include <memory.h>
| # endif
| # include <string.h>
| #endif
| #ifdef HAVE_STRINGS_H
| # include <strings.h>
| #endif
| #ifdef HAVE_INTTYPES_H
| # include <inttypes.h>
| #endif
| #ifdef HAVE_STDINT_H
| # include <stdint.h>
| #endif
| #ifdef HAVE_UNISTD_H
| # include <unistd.h>
| #endif
| int
| main ()
| {
| if (sizeof ((u_int)))
| 	    return 0;
|   ;
|   return 0;
| }
configure:8105: result: yes
configure:8121: checking for strtoq
configure:8121: gcc -o conftest -g -O2   conftest.c -lm  >&5
configure:8121: $? = 0
configure:8121: result: yes
configure:8121: checking for strtoll
configure:8121: gcc -o conftest -g -O2   conftest.c -lm  >&5
configure:8121: $? = 0
configure:8121: result: yes
configure:8139: checking size of long
configure:8144: gcc -o conftest -g -O2   conftest.c -lm  >&5
configure:8144: $? = 0
configure:8144: ./conftest
configure:8144: $? = 0
configure:8158: result: 8
configure:8171: checking for strtol
configure:8171: gcc -o conftest -g -O2   conftest.c -lm  >&5
configure:8171: $? = 0
configure:8171: result: yes
configure:8178: checking for __int64_t
configure:8193: gcc -o conftest -g -O2   conftest.c -lm  >&5
conftest.c:58:1: warning: return type defaults to 'int' [-Wimplicit-int]
   58 | main() { __int64_t x; exit (sizeof(x) >= 8 ? 0 : 1); }
      | ^~~~
conftest.c: In function 'main':
conftest.c:58:10: error: unknown type name '__int64_t'; did you mean '__int128_t'?
   58 | main() { __int64_t x; exit (sizeof(x) >= 8 ? 0 : 1); }
      |          ^~~~~~~~~
      |          __int128_t
conftest.c:58:23: warning: implicit declaration of function 'exit' [-Wimplicit-function-declaration]
   58 | main() { __int64_t x; exit (sizeof(x) >= 8 ? 0 : 1); }
      |                       ^~~~
conftest.c:1:1: note: include '<stdlib.h>' or provide a declaration of 'exit'
  +++ |+#include <stdlib.h>
    1 | /* confdefs.h */
conftest.c:58:23: warning: incompatible implicit declaration of built-in function 'exit' [-Wbuiltin-declaration-mismatch]
   58 | main() { __int64_t x; exit (sizeof(x) >= 8 ? 0 : 1); }
      |                       ^~~~
conftest.c:58:23: note: include '<stdlib.h>' or provide a declaration of 'exit'
configure:8193: $? = 1
configure: program exited with status 1
configure: failed program was:
| /* confdefs.h */
| #define PACKAGE_NAME ""
| #define PACKAGE_TARNAME ""
| #define PACKAGE_VERSION ""
| #define PACKAGE_STRING ""
| #define PACKAGE_BUGREPORT ""
| #define PACKAGE_URL ""
| #define STDC_HEADERS 1
| #define HAVE_SYS_TYPES_H 1
| #define HAVE_SYS_STAT_H 1
| #define HAVE_STDLIB_H 1
| #define HAVE_STRING_H 1
| #define HAVE_MEMORY_H 1
| #define HAVE_STRINGS_H 1
| #define HAVE_INTTYPES_H 1
| #define HAVE_STDINT_H 1
| #define HAVE_UNISTD_H 1
| #define __EXTENSIONS__ 1
| #define _ALL_SOURCE 1
| #define _GNU_SOURCE 1
| #define _POSIX_PTHREAD_SEMANTICS 1
| #define _TANDEM_SOURCE 1
| #define STDC_HEADERS 1
| #define HAVE_STRING_H 1
| #define HAVE_STL 1
| #define CPP_REQUIRES_NAMESPACE 1
| #define HAVE_TCL_H 1
| #define HAVE_TCLINT_H 1
| #define HAVE_LIBTCL8_5 1
| #define HAVE_TK_H 1
| #define HAVE_LIBTK8_5 1
| #define HAVE_OTCL_H 1
| #define HAVE_LIBOTCL1_14 1
| #define HAVE_TCLCL_H 1
| #define HAVE_LIBTCLCL 1
| #define STDC_HEADERS 1
| #define HAVE_ARPA_INET_H 1
| #define HAVE_FENV_H 1
| #define HAVE_NETINET_IN_H 1
| #define HAVE_STRING_H 1
| #define HAVE_STRINGS_H 1
| #define HAVE_TIME_H 1
| #define HAVE_UNISTD_H 1
| #define HAVE_NET_ETHERNET_H 1
| #define HAVE_LIBM 1
| #define HAVE_BCOPY 1
| #define HAVE_BZERO 1
| #define HAVE_FEENABLEEXCEPT 1
| #define HAVE_GETRUSAGE 1
| #define HAVE_SBRK 1
| #define HAVE_SNPRINTF 1
| #define RANDOM_RETURN_TYPE long
| #define HAVE_STRTOQ 1
| #define HAVE_STRTOLL 1
| #define SIZEOF_LONG 8
| /* end confdefs.h.  */
| 
| main() { __int64_t x; exit (sizeof(x) >= 8 ? 0 : 1); }
| 
configure:8203: result: no
configure:8209: checking for long long
configure:8224: gcc -o conftest -g -O2   conftest.c -lm  >&5
conftest.c:58:1: warning: return type defaults to 'int' [-Wimplicit-int]
   58 | main() { long long x; exit (sizeof(x) >= 8 ? 0 : 1); }
      | ^~~~
conftest.c: In function 'main':
conftest.c:58:23: warning: implicit declaration of function 'exit' [-Wimplicit-function-declaration]
   58 | main() { long long x; exit (sizeof(x) >= 8 ? 0 : 1); }
      |                       ^~~~
conftest.c:1:1: note: include '<stdlib.h>' or provide a declaration of 'exit'
  +++ |+#include <stdlib.h>
    1 | /* confdefs.h */
conftest.c:58:23: warning: incompatible implicit declaration of built-in function 'exit' [-Wbuiltin-declaration-mismatch]
   58 | main() { long long x; exit (sizeof(x) >= 8 ? 0 : 1); }
      |                       ^~~~
conftest.c:58:23: note: include '<stdlib.h>' or provide a declaration of 'exit'
configure:8224: $? = 0
configure:8224: ./conftest
configure:8224: $? = 0
configure:8234: result: yes
configure:8242: checking for int64_t
configure:8264: result: yes
configure:8275: checking which kind of 64-bit int to use
configure:8286: result: int64_t
configure:8359: checking system version (for dynamic loading)
configure:8379: result: Linux-5.19.0-50-generic
configure:8387: checking for dlopen in -ldl
configure:8412: gcc -o conftest -g -O2   conftest.c -ldl  -lm  >&5
configure:8412: $? = 0
configure:8421: result: yes
configure:8837: checking dlfcn.h usability
configure:8837: gcc -c -g -O2  conftest.c >&5
configure:8837: $? = 0
configure:8837: result: yes
configure:8837: checking dlfcn.h presence
configure:8837: gcc -E  conftest.c
configure:8837: $? = 0
configure:8837: result: yes
configure:8837: checking for dlfcn.h
configure:8837: result: yes
configure:8845: checking for ns library name
configure:8848: result: libns.so
configure:8858: checking for struct ether_header
configure:8881: gcc -c -g -O2  conftest.c >&5
configure:8881: $? = 0
configure:8885: result: found
configure:8897: checking for struct ether_addr
configure:8920: gcc -c -g -O2  conftest.c >&5
configure:8920: $? = 0
configure:8924: result: found
configure:8938: checking for addr2ascii
configure:8938: gcc -o conftest -g -O2   -Wl,-export-dynamic conftest.c -lm  >&5
/usr/bin/ld: /tmp/ccM7tb6O.o: in function `main':
/home/agsargsyan/compile/ns-allinone-2.35/ns-2.35/conftest.c:94: undefined reference to `addr2ascii'
collect2: error: ld returned 1 exit status
configure:8938: $? = 1
configure: failed program was:
| /* confdefs.h */
| #define PACKAGE_NAME ""
| #define PACKAGE_TARNAME ""
| #define PACKAGE_VERSION ""
| #define PACKAGE_STRING ""
| #define PACKAGE_BUGREPORT ""
| #define PACKAGE_URL ""
| #define STDC_HEADERS 1
| #define HAVE_SYS_TYPES_H 1
| #define HAVE_SYS_STAT_H 1
| #define HAVE_STDLIB_H 1
| #define HAVE_STRING_H 1
| #define HAVE_MEMORY_H 1
| #define HAVE_STRINGS_H 1
| #define HAVE_INTTYPES_H 1
| #define HAVE_STDINT_H 1
| #define HAVE_UNISTD_H 1
| #define __EXTENSIONS__ 1
| #define _ALL_SOURCE 1
| #define _GNU_SOURCE 1
| #define _POSIX_PTHREAD_SEMANTICS 1
| #define _TANDEM_SOURCE 1
| #define STDC_HEADERS 1
| #define HAVE_STRING_H 1
| #define HAVE_STL 1
| #define CPP_REQUIRES_NAMESPACE 1
| #define HAVE_TCL_H 1
| #define HAVE_TCLINT_H 1
| #define HAVE_LIBTCL8_5 1
| #define HAVE_TK_H 1
| #define HAVE_LIBTK8_5 1
| #define HAVE_OTCL_H 1
| #define HAVE_LIBOTCL1_14 1
| #define HAVE_TCLCL_H 1
| #define HAVE_LIBTCLCL 1
| #define STDC_HEADERS 1
| #define HAVE_ARPA_INET_H 1
| #define HAVE_FENV_H 1
| #define HAVE_NETINET_IN_H 1
| #define HAVE_STRING_H 1
| #define HAVE_STRINGS_H 1
| #define HAVE_TIME_H 1
| #define HAVE_UNISTD_H 1
| #define HAVE_NET_ETHERNET_H 1
| #define HAVE_LIBM 1
| #define HAVE_BCOPY 1
| #define HAVE_BZERO 1
| #define HAVE_FEENABLEEXCEPT 1
| #define HAVE_GETRUSAGE 1
| #define HAVE_SBRK 1
| #define HAVE_SNPRINTF 1
| #define RANDOM_RETURN_TYPE long
| #define HAVE_STRTOQ 1
| #define HAVE_STRTOLL 1
| #define SIZEOF_LONG 8
| #define HAVE_INT64 1
| #define HAVE_ETHER_HEADER_STRUCT 1
| #define HAVE_ETHER_ADDRESS_STRUCT 1
| /* end confdefs.h.  */
| /* Define addr2ascii to an innocuous variant, in case <limits.h> declares addr2ascii.
|    For example, HP-UX 11i <limits.h> declares gettimeofday.  */
| #define addr2ascii innocuous_addr2ascii
| 
| /* System header to define __stub macros and hopefully few prototypes,
|     which can conflict with char addr2ascii (); below.
|     Prefer <limits.h> to <assert.h> if __STDC__ is defined, since
|     <limits.h> exists even on freestanding compilers.  */
| 
| #ifdef __STDC__
| # include <limits.h>
| #else
| # include <assert.h>
| #endif
| 
| #undef addr2ascii
| 
| /* Override any GCC internal prototype to avoid an error.
|    Use char because int might match the return type of a GCC
|    builtin and then its argument prototype would still apply.  */
| #ifdef __cplusplus
| extern "C"
| #endif
| char addr2ascii ();
| /* The GNU C library defines this for functions which it implements
|     to always fail with ENOSYS.  Some functions are actually named
|     something starting with __ and the normal name is an alias.  */
| #if defined __stub_addr2ascii || defined __stub___addr2ascii
| choke me
| #endif
| 
| int
| main ()
| {
| return addr2ascii ();
|   ;
|   return 0;
| }
configure:8938: result: no
configure:8963: gcc -o conftest -g -O2   -Wl,-export-dynamic conftest.c -lm  >&5
configure:8963: $? = 0
configure:8963: ./conftest
configure:8963: $? = 0
configure:8975: checking for Linux compliant tcphdr
configure:8999: gcc -c -g -O2  conftest.c >&5
configure:8999: $? = 0
configure:9002: result: found
configure:9014: checking for BSD compliant tcphdr
configure:9038: gcc -c -g -O2  conftest.c >&5
configure:9038: $? = 0
configure:9040: result: found
configure:9052: checking for socklen_t
configure:9070: gcc -c -g -O2  conftest.c >&5
configure:9070: $? = 0
configure:9078: result: yes
configure:9089: checking for main in -lpcap
configure:9108: gcc -o conftest -g -O2   -Wl,-export-dynamic conftest.c -lpcap  -lm  >&5
/usr/bin/ld: cannot find -lpcap: No such file or directory
collect2: error: ld returned 1 exit status
configure:9108: $? = 1
configure: failed program was:
| /* confdefs.h */
| #define PACKAGE_NAME ""
| #define PACKAGE_TARNAME ""
| #define PACKAGE_VERSION ""
| #define PACKAGE_STRING ""
| #define PACKAGE_BUGREPORT ""
| #define PACKAGE_URL ""
| #define STDC_HEADERS 1
| #define HAVE_SYS_TYPES_H 1
| #define HAVE_SYS_STAT_H 1
| #define HAVE_STDLIB_H 1
| #define HAVE_STRING_H 1
| #define HAVE_MEMORY_H 1
| #define HAVE_STRINGS_H 1
| #define HAVE_INTTYPES_H 1
| #define HAVE_STDINT_H 1
| #define HAVE_UNISTD_H 1
| #define __EXTENSIONS__ 1
| #define _ALL_SOURCE 1
| #define _GNU_SOURCE 1
| #define _POSIX_PTHREAD_SEMANTICS 1
| #define _TANDEM_SOURCE 1
| #define STDC_HEADERS 1
| #define HAVE_STRING_H 1
| #define HAVE_STL 1
| #define CPP_REQUIRES_NAMESPACE 1
| #define HAVE_TCL_H 1
| #define HAVE_TCLINT_H 1
| #define HAVE_LIBTCL8_5 1
| #define HAVE_TK_H 1
| #define HAVE_LIBTK8_5 1
| #define HAVE_OTCL_H 1
| #define HAVE_LIBOTCL1_14 1
| #define HAVE_TCLCL_H 1
| #define HAVE_LIBTCLCL 1
| #define STDC_HEADERS 1
| #define HAVE_ARPA_INET_H 1
| #define HAVE_FENV_H 1
| #define HAVE_NETINET_IN_H 1
| #define HAVE_STRING_H 1
| #define HAVE_STRINGS_H 1
| #define HAVE_TIME_H 1
| #define HAVE_UNISTD_H 1
| #define HAVE_NET_ETHERNET_H 1
| #define HAVE_LIBM 1
| #define HAVE_BCOPY 1
| #define HAVE_BZERO 1
| #define HAVE_FEENABLEEXCEPT 1
| #define HAVE_GETRUSAGE 1
| #define HAVE_SBRK 1
| #define HAVE_SNPRINTF 1
| #define RANDOM_RETURN_TYPE long
| #define HAVE_STRTOQ 1
| #define HAVE_STRTOLL 1
| #define SIZEOF_LONG 8
| #define HAVE_INT64 1
| #define HAVE_ETHER_HEADER_STRUCT 1
| #define HAVE_ETHER_ADDRESS_STRUCT 1
| #define HAVE_SIOCGIFHWADDR 1
| #define HAVE_SOCKLEN_T 1
| /* end confdefs.h.  */
| 
| 
| int
| main ()
| {
| return main ();
|   ;
|   return 0;
| }
configure:9117: result: no
configure:9126: checking to make nse
configure:9134: result: no
configure:9182: checking for dlopen in -ldl
configure:9216: result: yes
configure:9301: checking system version (for system-dependent libraries)
configure:9321: result: Linux-5.19.0-50-generic
configure:9416: checking for a BSD-compatible install
configure:9484: result: /usr/bin/install -c
configure:9605: creating ./config.status

## ---------------------- ##
## Running config.status. ##
## ---------------------- ##

This file was extended by config.status, which was
generated by GNU Autoconf 2.69.  Invocation command line was

  CONFIG_FILES    = 
  CONFIG_HEADERS  = 
  CONFIG_LINKS    = 
  CONFIG_COMMANDS = 
  $ ./config.status 

on agsargsyan-VirtualBox

config.status:914: creating Makefile
config.status:914: creating tcl/lib/ns-autoconf.tcl
config.status:914: creating indep-utils/webtrace-conv/ucb/Makefile
config.status:914: creating indep-utils/webtrace-conv/dec/Makefile
config.status:914: creating indep-utils/webtrace-conv/nlanr/Makefile
config.status:914: creating indep-utils/webtrace-conv/epa/Makefile
config.status:914: creating indep-utils/cmu-scen-gen/setdest/Makefile
config.status:914: creating autoconf.h

## ---------------- ##
## Cache variables. ##
## ---------------- ##

ac_cv_build=x86_64-unknown-linux-gnu
ac_cv_c_compiler_gnu=yes
ac_cv_cxx_compiler_gnu=yes
ac_cv_env_CCC_set=
ac_cv_env_CCC_value=
ac_cv_env_CC_set=
ac_cv_env_CC_value=
ac_cv_env_CFLAGS_set=
ac_cv_env_CFLAGS_value=
ac_cv_env_CPPFLAGS_set=
ac_cv_env_CPPFLAGS_value=
ac_cv_env_CPP_set=
ac_cv_env_CPP_value=
ac_cv_env_CXXFLAGS_set=
ac_cv_env_CXXFLAGS_value=
ac_cv_env_CXX_set=
ac_cv_env_CXX_value=
ac_cv_env_LDFLAGS_set=
ac_cv_env_LDFLAGS_value=
ac_cv_env_LIBS_set=
ac_cv_env_LIBS_value=
ac_cv_env_build_alias_set=
ac_cv_env_build_alias_value=
ac_cv_env_host_alias_set=
ac_cv_env_host_alias_value=
ac_cv_env_target_alias_set=
ac_cv_env_target_alias_value=
ac_cv_func_addr2ascii=no
ac_cv_func_bcopy=yes
ac_cv_func_bzero=yes
ac_cv_func_feenableexcept=yes
ac_cv_func_fesetprecision=no
ac_cv_func_getrusage=yes
ac_cv_func_sbrk=yes
ac_cv_func_snprintf=yes
ac_cv_func_strtol=yes
ac_cv_func_strtoll=yes
ac_cv_func_strtoq=yes
ac_cv_header_arpa_inet_h=yes
ac_cv_header_dlfcn_h=yes
ac_cv_header_fenv_h=yes
ac_cv_header_inttypes_h=yes
ac_cv_header_memory_h=yes
ac_cv_header_minix_config_h=no
ac_cv_header_net_ethernet_h=yes
ac_cv_header_netinet_in_h=yes
ac_cv_header_stdc=yes
ac_cv_header_stdint_h=yes
ac_cv_header_stdlib_h=yes
ac_cv_header_string_h=yes
ac_cv_header_strings_h=yes
ac_cv_header_sys_stat_h=yes
ac_cv_header_sys_types_h=yes
ac_cv_header_time_h=yes
ac_cv_header_unistd_h=yes
ac_cv_host=x86_64-unknown-linux-gnu
ac_cv_lib_X11_XOpenDisplay=yes
ac_cv_lib_Xbsd_main=no
ac_cv_lib_Xext_XShmAttach=yes
ac_cv_lib_dl_dlopen=yes
ac_cv_lib_dnet_stub_getnodebyname=no
ac_cv_lib_intl_dcgettext=no
ac_cv_lib_m_main=yes
ac_cv_lib_nsl_gethostbyname=yes
ac_cv_lib_pcap_main=no
ac_cv_lib_socket_socket=no
ac_cv_objext=o
ac_cv_path_EGREP='/usr/bin/grep -E'
ac_cv_path_GREP=/usr/bin/grep
ac_cv_path_V_TCLSH=../bin/tclsh8.5
ac_cv_path_install='/usr/bin/install -c'
ac_cv_prog_CPP='gcc -E'
ac_cv_prog_ac_ct_CC=gcc
ac_cv_prog_ac_ct_CXX=g++
ac_cv_prog_cc_c89=
ac_cv_prog_cc_g=yes
ac_cv_prog_cxx_g=yes
ac_cv_safe_to_define___extensions__=yes
ac_cv_sizeof_long=8
ac_cv_target=x86_64-unknown-linux-gnu
ac_cv_type_int16_t=yes
ac_cv_type_int32_t=yes
ac_cv_type_int64_t=yes
ac_cv_type_int8_t=yes
ac_cv_type_socklen_t=yes
ac_cv_type_u_char=yes
ac_cv_type_u_int16_t=yes
ac_cv_type_u_int32_t=yes
ac_cv_type_u_int8_t=yes
ac_cv_type_u_int=yes
nsnam_cv_int64_t_HAVE_LONG_LONG=yes
nsnam_cv_int64_t_HAVE___INT64_T=no

## ----------------- ##
## Output variables. ##
## ----------------- ##

CC='gcc'
CFLAGS='-g -O2'
CPP='gcc -E'
CPPFLAGS=''
CPP_NAMESPACE='std'
CXX='g++'
CXXFLAGS='-g -O2'
DEFS='-DHAVE_CONFIG_H'
DL_LD_FLAGS='-rdynamic'
DL_LD_SEARCH_FLAGS=''
DL_LIBS='-ldl'
ECHO_C=''
ECHO_N='-n'
ECHO_T=''
EGREP='/usr/bin/grep -E'
EXEEXT=''
GREP='/usr/bin/grep'
INSTALL_DATA='${INSTALL} -m 644'
INSTALL_PROGRAM='${INSTALL}'
INSTALL_SCRIPT='${INSTALL}'
LDFLAGS=' -Wl,-export-dynamic'
LIBOBJS=''
LIBS='-lm '
LTLIBOBJS=''
NSLIB='libns.so'
OBJEXT='o'
PACKAGE_BUGREPORT=''
PACKAGE_NAME=''
PACKAGE_STRING=''
PACKAGE_TARNAME=''
PACKAGE_URL=''
PACKAGE_VERSION=''
PATH_SEPARATOR=':'
PERL='/usr/bin/perl'
PKG_SHLIB_CFLAGS=''
SHELL='/bin/bash'
SHLIB_CFLAGS='-fPIC'
SHLIB_LD='gcc -shared'
SHLIB_LD_LIBS=''
SHLIB_SUFFIX='.so'
V_ALL=''
V_AR='ar cr'
V_BROKEN_OBJ=''
V_CCOPT=' -Wall -Wno-write-strings -DUSE_INTERP_RESULT'
V_DEFINE='-DTCLCL_CLASSINSTVAR  -DNDEBUG -DLINUX_TCP_HEADER -DUSE_SHM'
V_DEFINES='-DHAVE_LIBTCLCL -DHAVE_TCLCL_H -DHAVE_LIBOTCL1_14 -DHAVE_OTCL_H -DHAVE_LIBTK8_5 -DHAVE_TK_H -DHAVE_LIBTCL8_5 -DHAVE_TCLINT_H -DHAVE_TCL_H '
V_IMPORT_LIBS=''
V_INCLUDE=''
V_INCLUDES='-I/home/agsargsyan/compile/ns-allinone-2.35/tclcl-1.20 -I/home/agsargsyan/compile/ns-allinone-2.35/otcl-1.14 -I/home/agsargsyan/compile/ns-allinone-2.35/include -I/home/agsargsyan/compile/ns-allinone-2.35/include -I/home/agsargsyan/compile/ns-allinone-2.35/include -I/usr/include/pcap'
V_INCLUDE_X11=''
V_LIB=' -lnsl -ldl'
V_LIBRARY_TCL='../lib/tcl8.5'
V_LIBRARY_TK='../lib/tk8.5'
V_LIBS='-L/home/agsargsyan/compile/ns-allinone-2.35/tclcl-1.20 -ltclcl -L/home/agsargsyan/compile/ns-allinone-2.35/otcl-1.14 -lotcl -L/home/agsargsyan/compile/ns-allinone-2.35/lib -ltk8.5 -L/home/agsargsyan/compile/ns-allinone-2.35/lib -ltcl8.5'
V_LIB_OTCL='-L/home/agsargsyan/compile/ns-allinone-2.35/otcl-1.14 -lotcl'
V_LIB_TCL='-L/home/agsargsyan/compile/ns-allinone-2.35/lib -ltcl8.5'
V_LIB_TCLCL='-L/home/agsargsyan/compile/ns-allinone-2.35/tclcl-1.20 -ltclcl'
V_LIB_TK='-L/home/agsargsyan/compile/ns-allinone-2.35/lib -ltk8.5'
V_LIB_X11='-lXext -lX11'
V_LSSCRIPT=''
V_NS_TCL_LIB_STL='$(NS_TCL_LIB_STL)'
V_OBJ=''
V_OBJ_CRYPT=''
V_RANLIB='ranlib'
V_SHELL=''
V_SIGRET='void'
V_STATIC=''
V_STLOBJ='$(OBJ_STL)'
V_TARCMD='tar cfh'
V_TAR_EXTRA=''
V_TAR_TARGET='linux-gnu'
V_TCL2CPP='../tclcl-1.20/tcl2c++'
V_TCLSH='/home/agsargsyan/compile/ns-allinone-2.35/bin/tclsh8.5'
V_TCL_LIBRARY_FILES='$(TCL_BASE_LIBRARY_FILES) ../lib/tcl8.5/http1.0/http.tcl'
V_TKDOSNAMES='$(LIBRARY_TK)/optMenu.tcl $(LIBRARY_TK)/scrlbar.tcl'
ac_ct_CC='gcc'
ac_ct_CXX='g++'
bindir='${exec_prefix}/bin'
build='x86_64-unknown-linux-gnu'
build_alias=''
build_cpu='x86_64'
build_nse=''
build_os='linux-gnu'
build_vendor='unknown'
datadir='${datarootdir}'
datarootdir='${prefix}/share'
docdir='${datarootdir}/doc/${PACKAGE}'
dvidir='${docdir}'
exec_prefix='${prefix}'
host='x86_64-unknown-linux-gnu'
host_alias=''
host_cpu='x86_64'
host_os='linux-gnu'
host_vendor='unknown'
htmldir='${docdir}'
includedir='${prefix}/include'
infodir='${datarootdir}/info'
libdir='${exec_prefix}/lib'
libexecdir='${exec_prefix}/libexec'
localedir='${datarootdir}/locale'
localstatedir='${prefix}/var'
mandir='${datarootdir}/man'
oldincludedir='/usr/include'
pdfdir='${docdir}'
prefix='/usr/local'
program_transform_name='s,x,x,'
psdir='${docdir}'
sbindir='${exec_prefix}/sbin'
sharedstatedir='${prefix}/com'
sysconfdir='${prefix}/etc'
target='x86_64-unknown-linux-gnu'
target_alias=''
target_cpu='x86_64'
target_os='linux-gnu'
target_vendor='unknown'

## ----------- ##
## confdefs.h. ##
## ----------- ##

/* confdefs.h */
#define PACKAGE_NAME ""
#define PACKAGE_TARNAME ""
#define PACKAGE_VERSION ""
#define PACKAGE_STRING ""
#define PACKAGE_BUGREPORT ""
#define PACKAGE_URL ""
#define STDC_HEADERS 1
#define HAVE_SYS_TYPES_H 1
#define HAVE_SYS_STAT_H 1
#define HAVE_STDLIB_H 1
#define HAVE_STRING_H 1
#define HAVE_MEMORY_H 1
#define HAVE_STRINGS_H 1
#define HAVE_INTTYPES_H 1
#define HAVE_STDINT_H 1
#define HAVE_UNISTD_H 1
#define __EXTENSIONS__ 1
#define _ALL_SOURCE 1
#define _GNU_SOURCE 1
#define _POSIX_PTHREAD_SEMANTICS 1
#define _TANDEM_SOURCE 1
#define STDC_HEADERS 1
#define HAVE_STRING_H 1
#define HAVE_STL 1
#define CPP_REQUIRES_NAMESPACE 1
#define HAVE_TCL_H 1
#define HAVE_TCLINT_H 1
#define HAVE_LIBTCL8_5 1
#define HAVE_TK_H 1
#define HAVE_LIBTK8_5 1
#define HAVE_OTCL_H 1
#define HAVE_LIBOTCL1_14 1
#define HAVE_TCLCL_H 1
#define HAVE_LIBTCLCL 1
#define STDC_HEADERS 1
#define HAVE_ARPA_INET_H 1
#define HAVE_FENV_H 1
#define HAVE_NETINET_IN_H 1
#define HAVE_STRING_H 1
#define HAVE_STRINGS_H 1
#define HAVE_TIME_H 1
#define HAVE_UNISTD_H 1
#define HAVE_NET_ETHERNET_H 1
#define HAVE_LIBM 1
#define HAVE_BCOPY 1
#define HAVE_BZERO 1
#define HAVE_FEENABLEEXCEPT 1
#define HAVE_GETRUSAGE 1
#define HAVE_SBRK 1
#define HAVE_SNPRINTF 1
#define RANDOM_RETURN_TYPE long
#define HAVE_STRTOQ 1
#define HAVE_STRTOLL 1
#define SIZEOF_LONG 8
#define HAVE_INT64 1
#define HAVE_ETHER_HEADER_STRUCT 1
#define HAVE_ETHER_ADDRESS_STRUCT 1
#define HAVE_SIOCGIFHWADDR 1
#define HAVE_SOCKLEN_T 1

configure: exit 0
